{"/Users/tarunrawat/squad-mvp/src/components/feed/FeedItem.js": {"path":"/Users/tarunrawat/squad-mvp/src/components/feed/FeedItem.js","statementMap":{"0":{"start":{"line":10,"column":28},"end":{"line":89,"column":3}},"1":{"start":{"line":11,"column":4},"end":{"line":88,"column":5}},"2":{"start":{"line":13,"column":8},"end":{"line":21,"column":10}},"3":{"start":{"line":14,"column":43},"end":{"line":14,"column":73}},"4":{"start":{"line":24,"column":8},"end":{"line":36,"column":10}},"5":{"start":{"line":25,"column":43},"end":{"line":25,"column":73}},"6":{"start":{"line":39,"column":8},"end":{"line":59,"column":10}},"7":{"start":{"line":40,"column":43},"end":{"line":40,"column":69}},"8":{"start":{"line":62,"column":8},"end":{"line":84,"column":10}},"9":{"start":{"line":63,"column":43},"end":{"line":63,"column":69}},"10":{"start":{"line":87,"column":8},"end":{"line":87,"column":20}},"11":{"start":{"line":91,"column":2},"end":{"line":100,"column":4}},"12":{"start":{"line":103,"column":15},"end":{"line":183,"column":2}}},"fnMap":{"0":{"name":"FeedItem","decl":{"start":{"line":9,"column":24},"end":{"line":9,"column":32}},"loc":{"start":{"line":9,"column":71},"end":{"line":101,"column":1}},"line":9},"1":{"name":"(anonymous_1)","decl":{"start":{"line":10,"column":28},"end":{"line":10,"column":29}},"loc":{"start":{"line":10,"column":34},"end":{"line":89,"column":3}},"line":10},"2":{"name":"(anonymous_2)","decl":{"start":{"line":14,"column":37},"end":{"line":14,"column":38}},"loc":{"start":{"line":14,"column":43},"end":{"line":14,"column":73}},"line":14},"3":{"name":"(anonymous_3)","decl":{"start":{"line":25,"column":37},"end":{"line":25,"column":38}},"loc":{"start":{"line":25,"column":43},"end":{"line":25,"column":73}},"line":25},"4":{"name":"(anonymous_4)","decl":{"start":{"line":40,"column":37},"end":{"line":40,"column":38}},"loc":{"start":{"line":40,"column":43},"end":{"line":40,"column":69}},"line":40},"5":{"name":"(anonymous_5)","decl":{"start":{"line":63,"column":37},"end":{"line":63,"column":38}},"loc":{"start":{"line":63,"column":43},"end":{"line":63,"column":69}},"line":63}},"branchMap":{"0":{"loc":{"start":{"line":11,"column":4},"end":{"line":88,"column":5}},"type":"switch","locations":[{"start":{"line":12,"column":6},"end":{"line":21,"column":10}},{"start":{"line":23,"column":6},"end":{"line":36,"column":10}},{"start":{"line":38,"column":6},"end":{"line":59,"column":10}},{"start":{"line":61,"column":6},"end":{"line":84,"column":10}},{"start":{"line":86,"column":6},"end":{"line":87,"column":20}}],"line":11},"1":{"loc":{"start":{"line":29,"column":15},"end":{"line":33,"column":15}},"type":"binary-expr","locations":[{"start":{"line":29,"column":15},"end":{"line":29,"column":34}},{"start":{"line":30,"column":16},"end":{"line":32,"column":23}}],"line":29},"2":{"loc":{"start":{"line":44,"column":15},"end":{"line":46,"column":15}},"type":"binary-expr","locations":[{"start":{"line":44,"column":15},"end":{"line":44,"column":30}},{"start":{"line":45,"column":16},"end":{"line":45,"column":78}}],"line":44},"3":{"loc":{"start":{"line":48,"column":13},"end":{"line":54,"column":13}},"type":"binary-expr","locations":[{"start":{"line":48,"column":13},"end":{"line":48,"column":34}},{"start":{"line":49,"column":14},"end":{"line":53,"column":16}}],"line":48},"4":{"loc":{"start":{"line":55,"column":13},"end":{"line":57,"column":13}},"type":"binary-expr","locations":[{"start":{"line":55,"column":13},"end":{"line":55,"column":32}},{"start":{"line":56,"column":14},"end":{"line":56,"column":70}}],"line":55},"5":{"loc":{"start":{"line":67,"column":15},"end":{"line":69,"column":15}},"type":"binary-expr","locations":[{"start":{"line":67,"column":15},"end":{"line":67,"column":30}},{"start":{"line":68,"column":16},"end":{"line":68,"column":80}}],"line":67},"6":{"loc":{"start":{"line":71,"column":13},"end":{"line":75,"column":13}},"type":"binary-expr","locations":[{"start":{"line":71,"column":13},"end":{"line":71,"column":30}},{"start":{"line":72,"column":14},"end":{"line":74,"column":21}}],"line":71},"7":{"loc":{"start":{"line":76,"column":13},"end":{"line":82,"column":13}},"type":"binary-expr","locations":[{"start":{"line":76,"column":13},"end":{"line":76,"column":34}},{"start":{"line":77,"column":14},"end":{"line":81,"column":16}}],"line":76}},"s":{"0":11,"1":11,"2":4,"3":1,"4":2,"5":0,"6":3,"7":1,"8":2,"9":0,"10":0,"11":11,"12":3},"f":{"0":11,"1":11,"2":1,"3":0,"4":1,"5":0},"b":{"0":[4,2,3,2,0],"1":[2,1],"2":[3,1],"3":[3,3],"4":[3,2],"5":[2,1],"6":[2,2],"7":[2,2]},"_coverageSchema":"1a1c01bbd47fc00a2c39e90264f33305004495a9","hash":"ec97ea750e30e7a7f021db10286c8bcf63e7a0bd"}
,"/Users/tarunrawat/squad-mvp/src/components/feed/FeedTab.js": {"path":"/Users/tarunrawat/squad-mvp/src/components/feed/FeedTab.js","statementMap":{"0":{"start":{"line":19,"column":19},"end":{"line":19,"column":28}},"1":{"start":{"line":20,"column":36},"end":{"line":20,"column":48}},"2":{"start":{"line":21,"column":32},"end":{"line":21,"column":46}},"3":{"start":{"line":22,"column":38},"end":{"line":22,"column":53}},"4":{"start":{"line":24,"column":2},"end":{"line":48,"column":16}},"5":{"start":{"line":25,"column":4},"end":{"line":25,"column":16}},"6":{"start":{"line":28,"column":25},"end":{"line":43,"column":18}},"7":{"start":{"line":39,"column":10},"end":{"line":39,"column":49}},"8":{"start":{"line":40,"column":10},"end":{"line":40,"column":22}},"9":{"start":{"line":45,"column":4},"end":{"line":47,"column":6}},"10":{"start":{"line":46,"column":6},"end":{"line":46,"column":33}},"11":{"start":{"line":50,"column":20},"end":{"line":172,"column":3}},"12":{"start":{"line":51,"column":4},"end":{"line":171,"column":5}},"13":{"start":{"line":52,"column":6},"end":{"line":52,"column":23}},"14":{"start":{"line":55,"column":48},"end":{"line":59,"column":50}},"15":{"start":{"line":61,"column":6},"end":{"line":61,"column":37}},"16":{"start":{"line":61,"column":21},"end":{"line":61,"column":37}},"17":{"start":{"line":64,"column":28},"end":{"line":163,"column":7}},"18":{"start":{"line":67,"column":34},"end":{"line":71,"column":21}},"19":{"start":{"line":73,"column":31},"end":{"line":76,"column":11}},"20":{"start":{"line":79,"column":10},"end":{"line":159,"column":11}},"21":{"start":{"line":82,"column":57},"end":{"line":86,"column":25}},"22":{"start":{"line":88,"column":14},"end":{"line":90,"column":15}},"23":{"start":{"line":89,"column":16},"end":{"line":89,"column":67}},"24":{"start":{"line":92,"column":14},"end":{"line":92,"column":73}},"25":{"start":{"line":95,"column":14},"end":{"line":104,"column":15}},"26":{"start":{"line":96,"column":42},"end":{"line":101,"column":27}},"27":{"start":{"line":103,"column":16},"end":{"line":103,"column":80}},"28":{"start":{"line":105,"column":14},"end":{"line":105,"column":20}},"29":{"start":{"line":108,"column":38},"end":{"line":112,"column":25}},"30":{"start":{"line":114,"column":14},"end":{"line":114,"column":41}},"31":{"start":{"line":117,"column":14},"end":{"line":125,"column":15}},"32":{"start":{"line":118,"column":45},"end":{"line":122,"column":27}},"33":{"start":{"line":124,"column":16},"end":{"line":124,"column":60}},"34":{"start":{"line":126,"column":14},"end":{"line":126,"column":20}},"35":{"start":{"line":129,"column":40},"end":{"line":133,"column":25}},"36":{"start":{"line":135,"column":14},"end":{"line":135,"column":64}},"37":{"start":{"line":138,"column":14},"end":{"line":157,"column":15}},"38":{"start":{"line":139,"column":47},"end":{"line":143,"column":27}},"39":{"start":{"line":145,"column":16},"end":{"line":145,"column":50}},"40":{"start":{"line":148,"column":16},"end":{"line":156,"column":17}},"41":{"start":{"line":149,"column":49},"end":{"line":153,"column":29}},"42":{"start":{"line":155,"column":18},"end":{"line":155,"column":64}},"43":{"start":{"line":158,"column":14},"end":{"line":158,"column":20}},"44":{"start":{"line":161,"column":10},"end":{"line":161,"column":30}},"45":{"start":{"line":165,"column":6},"end":{"line":165,"column":34}},"46":{"start":{"line":167,"column":6},"end":{"line":167,"column":51}},"47":{"start":{"line":169,"column":6},"end":{"line":169,"column":24}},"48":{"start":{"line":170,"column":6},"end":{"line":170,"column":27}},"49":{"start":{"line":174,"column":20},"end":{"line":177,"column":3}},"50":{"start":{"line":175,"column":4},"end":{"line":175,"column":24}},"51":{"start":{"line":176,"column":4},"end":{"line":176,"column":16}},"52":{"start":{"line":179,"column":22},"end":{"line":186,"column":3}},"53":{"start":{"line":180,"column":4},"end":{"line":185,"column":11}},"54":{"start":{"line":188,"column":2},"end":{"line":194,"column":3}},"55":{"start":{"line":189,"column":4},"end":{"line":193,"column":6}},"56":{"start":{"line":196,"column":2},"end":{"line":219,"column":4}},"57":{"start":{"line":200,"column":32},"end":{"line":200,"column":39}},"58":{"start":{"line":202,"column":10},"end":{"line":206,"column":12}},"59":{"start":{"line":222,"column":15},"end":{"line":253,"column":2}}},"fnMap":{"0":{"name":"FeedTab","decl":{"start":{"line":18,"column":24},"end":{"line":18,"column":31}},"loc":{"start":{"line":18,"column":73},"end":{"line":220,"column":1}},"line":18},"1":{"name":"(anonymous_1)","decl":{"start":{"line":24,"column":12},"end":{"line":24,"column":13}},"loc":{"start":{"line":24,"column":18},"end":{"line":48,"column":3}},"line":24},"2":{"name":"(anonymous_2)","decl":{"start":{"line":38,"column":8},"end":{"line":38,"column":9}},"loc":{"start":{"line":38,"column":21},"end":{"line":41,"column":9}},"line":38},"3":{"name":"(anonymous_3)","decl":{"start":{"line":45,"column":11},"end":{"line":45,"column":12}},"loc":{"start":{"line":45,"column":17},"end":{"line":47,"column":5}},"line":45},"4":{"name":"(anonymous_4)","decl":{"start":{"line":50,"column":20},"end":{"line":50,"column":21}},"loc":{"start":{"line":50,"column":32},"end":{"line":172,"column":3}},"line":50},"5":{"name":"(anonymous_5)","decl":{"start":{"line":65,"column":18},"end":{"line":65,"column":19}},"loc":{"start":{"line":65,"column":34},"end":{"line":162,"column":9}},"line":65},"6":{"name":"(anonymous_6)","decl":{"start":{"line":174,"column":20},"end":{"line":174,"column":21}},"loc":{"start":{"line":174,"column":26},"end":{"line":177,"column":3}},"line":174},"7":{"name":"(anonymous_7)","decl":{"start":{"line":179,"column":22},"end":{"line":179,"column":23}},"loc":{"start":{"line":180,"column":4},"end":{"line":185,"column":11}},"line":180},"8":{"name":"(anonymous_8)","decl":{"start":{"line":200,"column":22},"end":{"line":200,"column":23}},"loc":{"start":{"line":200,"column":32},"end":{"line":200,"column":39}},"line":200},"9":{"name":"(anonymous_9)","decl":{"start":{"line":201,"column":20},"end":{"line":201,"column":21}},"loc":{"start":{"line":202,"column":10},"end":{"line":206,"column":12}},"line":202}},"branchMap":{"0":{"loc":{"start":{"line":61,"column":6},"end":{"line":61,"column":37}},"type":"if","locations":[{"start":{"line":61,"column":6},"end":{"line":61,"column":37}},{"start":{},"end":{}}],"line":61},"1":{"loc":{"start":{"line":75,"column":24},"end":{"line":75,"column":58}},"type":"binary-expr","locations":[{"start":{"line":75,"column":24},"end":{"line":75,"column":40}},{"start":{"line":75,"column":44},"end":{"line":75,"column":58}}],"line":75},"2":{"loc":{"start":{"line":79,"column":10},"end":{"line":159,"column":11}},"type":"switch","locations":[{"start":{"line":80,"column":12},"end":{"line":80,"column":33}},{"start":{"line":81,"column":12},"end":{"line":105,"column":20}},{"start":{"line":107,"column":12},"end":{"line":126,"column":20}},{"start":{"line":128,"column":12},"end":{"line":158,"column":20}}],"line":79},"3":{"loc":{"start":{"line":88,"column":14},"end":{"line":90,"column":15}},"type":"if","locations":[{"start":{"line":88,"column":14},"end":{"line":90,"column":15}},{"start":{},"end":{}}],"line":88},"4":{"loc":{"start":{"line":92,"column":41},"end":{"line":92,"column":72}},"type":"binary-expr","locations":[{"start":{"line":92,"column":41},"end":{"line":92,"column":53}},{"start":{"line":92,"column":57},"end":{"line":92,"column":72}}],"line":92},"5":{"loc":{"start":{"line":95,"column":14},"end":{"line":104,"column":15}},"type":"if","locations":[{"start":{"line":95,"column":14},"end":{"line":104,"column":15}},{"start":{},"end":{}}],"line":95},"6":{"loc":{"start":{"line":103,"column":46},"end":{"line":103,"column":79}},"type":"binary-expr","locations":[{"start":{"line":103,"column":46},"end":{"line":103,"column":71}},{"start":{"line":103,"column":75},"end":{"line":103,"column":79}}],"line":103},"7":{"loc":{"start":{"line":117,"column":14},"end":{"line":125,"column":15}},"type":"if","locations":[{"start":{"line":117,"column":14},"end":{"line":125,"column":15}},{"start":{},"end":{}}],"line":117},"8":{"loc":{"start":{"line":138,"column":14},"end":{"line":157,"column":15}},"type":"if","locations":[{"start":{"line":138,"column":14},"end":{"line":157,"column":15}},{"start":{},"end":{}}],"line":138},"9":{"loc":{"start":{"line":148,"column":16},"end":{"line":156,"column":17}},"type":"if","locations":[{"start":{"line":148,"column":16},"end":{"line":156,"column":17}},{"start":{},"end":{}}],"line":148},"10":{"loc":{"start":{"line":188,"column":2},"end":{"line":194,"column":3}},"type":"if","locations":[{"start":{"line":188,"column":2},"end":{"line":194,"column":3}},{"start":{},"end":{}}],"line":188},"11":{"loc":{"start":{"line":188,"column":6},"end":{"line":188,"column":28}},"type":"binary-expr","locations":[{"start":{"line":188,"column":6},"end":{"line":188,"column":13}},{"start":{"line":188,"column":17},"end":{"line":188,"column":28}}],"line":188}},"s":{"0":28,"1":28,"2":28,"3":28,"4":28,"5":19,"6":19,"7":0,"8":0,"9":19,"10":19,"11":28,"12":19,"13":19,"14":19,"15":16,"16":1,"17":15,"18":1,"19":1,"20":1,"21":1,"22":1,"23":0,"24":1,"25":1,"26":0,"27":0,"28":1,"29":0,"30":0,"31":0,"32":0,"33":0,"34":0,"35":0,"36":0,"37":0,"38":0,"39":0,"40":0,"41":0,"42":0,"43":0,"44":1,"45":15,"46":4,"47":19,"48":19,"49":28,"50":0,"51":0,"52":28,"53":8,"54":28,"55":19,"56":9,"57":2,"58":1,"59":2},"f":{"0":28,"1":19,"2":0,"3":19,"4":19,"5":1,"6":0,"7":8,"8":2,"9":1},"b":{"0":[1,15],"1":[1,0],"2":[1,1,0,0],"3":[0,1],"4":[1,0],"5":[0,1],"6":[0,0],"7":[0,0],"8":[0,0],"9":[0,0],"10":[19,9],"11":[28,19]},"_coverageSchema":"1a1c01bbd47fc00a2c39e90264f33305004495a9","hash":"1f054e626b4dea6e3dc40e36d8187338c65a6b04"}
,"/Users/tarunrawat/squad-mvp/src/components/photos/PhotosTab.js": {"path":"/Users/tarunrawat/squad-mvp/src/components/photos/PhotosTab.js","statementMap":{"0":{"start":{"line":16,"column":18},"end":{"line":16,"column":42}},"1":{"start":{"line":17,"column":21},"end":{"line":17,"column":22}},"2":{"start":{"line":18,"column":19},"end":{"line":18,"column":46}},"3":{"start":{"line":24,"column":19},"end":{"line":24,"column":28}},"4":{"start":{"line":25,"column":30},"end":{"line":25,"column":42}},"5":{"start":{"line":26,"column":32},"end":{"line":26,"column":46}},"6":{"start":{"line":27,"column":38},"end":{"line":27,"column":53}},"7":{"start":{"line":29,"column":2},"end":{"line":64,"column":16}},"8":{"start":{"line":30,"column":4},"end":{"line":30,"column":18}},"9":{"start":{"line":33,"column":25},"end":{"line":59,"column":18}},"10":{"start":{"line":44,"column":10},"end":{"line":44,"column":24}},"11":{"start":{"line":56,"column":10},"end":{"line":56,"column":24}},"12":{"start":{"line":61,"column":4},"end":{"line":63,"column":6}},"13":{"start":{"line":62,"column":6},"end":{"line":62,"column":33}},"14":{"start":{"line":66,"column":22},"end":{"line":116,"column":3}},"15":{"start":{"line":67,"column":4},"end":{"line":115,"column":5}},"16":{"start":{"line":68,"column":6},"end":{"line":68,"column":23}},"17":{"start":{"line":71,"column":55},"end":{"line":75,"column":50}},"18":{"start":{"line":77,"column":6},"end":{"line":77,"column":41}},"19":{"start":{"line":77,"column":23},"end":{"line":77,"column":41}},"20":{"start":{"line":79,"column":6},"end":{"line":82,"column":7}},"21":{"start":{"line":80,"column":8},"end":{"line":80,"column":22}},"22":{"start":{"line":81,"column":8},"end":{"line":81,"column":15}},"23":{"start":{"line":85,"column":26},"end":{"line":85,"column":74}},"24":{"start":{"line":85,"column":58},"end":{"line":85,"column":71}},"25":{"start":{"line":86,"column":34},"end":{"line":89,"column":30}},"26":{"start":{"line":92,"column":23},"end":{"line":92,"column":92}},"27":{"start":{"line":92,"column":58},"end":{"line":92,"column":68}},"28":{"start":{"line":92,"column":79},"end":{"line":92,"column":89}},"29":{"start":{"line":93,"column":19},"end":{"line":93,"column":21}},"30":{"start":{"line":94,"column":6},"end":{"line":100,"column":7}},"31":{"start":{"line":95,"column":37},"end":{"line":98,"column":29}},"32":{"start":{"line":99,"column":8},"end":{"line":99,"column":34}},"33":{"start":{"line":103,"column":29},"end":{"line":107,"column":9}},"34":{"start":{"line":103,"column":54},"end":{"line":107,"column":7}},"35":{"start":{"line":105,"column":39},"end":{"line":105,"column":65}},"36":{"start":{"line":106,"column":49},"end":{"line":106,"column":72}},"37":{"start":{"line":109,"column":6},"end":{"line":109,"column":32}},"38":{"start":{"line":111,"column":6},"end":{"line":111,"column":53}},"39":{"start":{"line":113,"column":6},"end":{"line":113,"column":24}},"40":{"start":{"line":114,"column":6},"end":{"line":114,"column":27}},"41":{"start":{"line":118,"column":20},"end":{"line":121,"column":3}},"42":{"start":{"line":119,"column":4},"end":{"line":119,"column":24}},"43":{"start":{"line":120,"column":4},"end":{"line":120,"column":18}},"44":{"start":{"line":123,"column":22},"end":{"line":141,"column":3}},"45":{"start":{"line":124,"column":4},"end":{"line":140,"column":23}},"46":{"start":{"line":126,"column":21},"end":{"line":126,"column":41}},"47":{"start":{"line":143,"column":22},"end":{"line":151,"column":3}},"48":{"start":{"line":144,"column":4},"end":{"line":150,"column":11}},"49":{"start":{"line":153,"column":2},"end":{"line":159,"column":3}},"50":{"start":{"line":154,"column":4},"end":{"line":158,"column":6}},"51":{"start":{"line":161,"column":2},"end":{"line":179,"column":4}},"52":{"start":{"line":165,"column":32},"end":{"line":165,"column":39}},"53":{"start":{"line":182,"column":15},"end":{"line":243,"column":2}}},"fnMap":{"0":{"name":"PhotosTab","decl":{"start":{"line":23,"column":24},"end":{"line":23,"column":33}},"loc":{"start":{"line":23,"column":61},"end":{"line":180,"column":1}},"line":23},"1":{"name":"(anonymous_1)","decl":{"start":{"line":29,"column":12},"end":{"line":29,"column":13}},"loc":{"start":{"line":29,"column":18},"end":{"line":64,"column":3}},"line":29},"2":{"name":"(anonymous_2)","decl":{"start":{"line":43,"column":8},"end":{"line":43,"column":9}},"loc":{"start":{"line":43,"column":14},"end":{"line":45,"column":9}},"line":43},"3":{"name":"(anonymous_3)","decl":{"start":{"line":55,"column":8},"end":{"line":55,"column":9}},"loc":{"start":{"line":55,"column":14},"end":{"line":57,"column":9}},"line":55},"4":{"name":"(anonymous_4)","decl":{"start":{"line":61,"column":11},"end":{"line":61,"column":12}},"loc":{"start":{"line":61,"column":17},"end":{"line":63,"column":5}},"line":61},"5":{"name":"(anonymous_5)","decl":{"start":{"line":66,"column":22},"end":{"line":66,"column":23}},"loc":{"start":{"line":66,"column":34},"end":{"line":116,"column":3}},"line":66},"6":{"name":"(anonymous_6)","decl":{"start":{"line":85,"column":53},"end":{"line":85,"column":54}},"loc":{"start":{"line":85,"column":58},"end":{"line":85,"column":71}},"line":85},"7":{"name":"(anonymous_7)","decl":{"start":{"line":92,"column":53},"end":{"line":92,"column":54}},"loc":{"start":{"line":92,"column":58},"end":{"line":92,"column":68}},"line":92},"8":{"name":"(anonymous_8)","decl":{"start":{"line":92,"column":74},"end":{"line":92,"column":75}},"loc":{"start":{"line":92,"column":79},"end":{"line":92,"column":89}},"line":92},"9":{"name":"(anonymous_9)","decl":{"start":{"line":103,"column":44},"end":{"line":103,"column":45}},"loc":{"start":{"line":103,"column":54},"end":{"line":107,"column":7}},"line":103},"10":{"name":"(anonymous_10)","decl":{"start":{"line":105,"column":34},"end":{"line":105,"column":35}},"loc":{"start":{"line":105,"column":39},"end":{"line":105,"column":65}},"line":105},"11":{"name":"(anonymous_11)","decl":{"start":{"line":106,"column":44},"end":{"line":106,"column":45}},"loc":{"start":{"line":106,"column":49},"end":{"line":106,"column":72}},"line":106},"12":{"name":"(anonymous_12)","decl":{"start":{"line":118,"column":20},"end":{"line":118,"column":21}},"loc":{"start":{"line":118,"column":26},"end":{"line":121,"column":3}},"line":118},"13":{"name":"(anonymous_13)","decl":{"start":{"line":123,"column":22},"end":{"line":123,"column":23}},"loc":{"start":{"line":124,"column":4},"end":{"line":140,"column":23}},"line":124},"14":{"name":"(anonymous_14)","decl":{"start":{"line":126,"column":15},"end":{"line":126,"column":16}},"loc":{"start":{"line":126,"column":21},"end":{"line":126,"column":41}},"line":126},"15":{"name":"(anonymous_15)","decl":{"start":{"line":143,"column":22},"end":{"line":143,"column":23}},"loc":{"start":{"line":144,"column":4},"end":{"line":150,"column":11}},"line":144},"16":{"name":"(anonymous_16)","decl":{"start":{"line":165,"column":22},"end":{"line":165,"column":23}},"loc":{"start":{"line":165,"column":32},"end":{"line":165,"column":39}},"line":165}},"branchMap":{"0":{"loc":{"start":{"line":77,"column":6},"end":{"line":77,"column":41}},"type":"if","locations":[{"start":{"line":77,"column":6},"end":{"line":77,"column":41}},{"start":{},"end":{}}],"line":77},"1":{"loc":{"start":{"line":79,"column":6},"end":{"line":82,"column":7}},"type":"if","locations":[{"start":{"line":79,"column":6},"end":{"line":82,"column":7}},{"start":{},"end":{}}],"line":79},"2":{"loc":{"start":{"line":79,"column":10},"end":{"line":79,"column":48}},"type":"binary-expr","locations":[{"start":{"line":79,"column":10},"end":{"line":79,"column":21}},{"start":{"line":79,"column":25},"end":{"line":79,"column":48}}],"line":79},"3":{"loc":{"start":{"line":94,"column":6},"end":{"line":100,"column":7}},"type":"if","locations":[{"start":{"line":94,"column":6},"end":{"line":100,"column":7}},{"start":{},"end":{}}],"line":94},"4":{"loc":{"start":{"line":99,"column":17},"end":{"line":99,"column":33}},"type":"binary-expr","locations":[{"start":{"line":99,"column":17},"end":{"line":99,"column":27}},{"start":{"line":99,"column":31},"end":{"line":99,"column":33}}],"line":99},"5":{"loc":{"start":{"line":105,"column":18},"end":{"line":105,"column":74}},"type":"binary-expr","locations":[{"start":{"line":105,"column":18},"end":{"line":105,"column":66}},{"start":{"line":105,"column":70},"end":{"line":105,"column":74}}],"line":105},"6":{"loc":{"start":{"line":106,"column":15},"end":{"line":106,"column":88}},"type":"cond-expr","locations":[{"start":{"line":106,"column":32},"end":{"line":106,"column":81}},{"start":{"line":106,"column":84},"end":{"line":106,"column":88}}],"line":106},"7":{"loc":{"start":{"line":106,"column":32},"end":{"line":106,"column":81}},"type":"binary-expr","locations":[{"start":{"line":106,"column":32},"end":{"line":106,"column":73}},{"start":{"line":106,"column":77},"end":{"line":106,"column":81}}],"line":106},"8":{"loc":{"start":{"line":133,"column":7},"end":{"line":139,"column":7}},"type":"binary-expr","locations":[{"start":{"line":133,"column":7},"end":{"line":133,"column":19}},{"start":{"line":134,"column":8},"end":{"line":138,"column":15}}],"line":133},"9":{"loc":{"start":{"line":153,"column":2},"end":{"line":159,"column":3}},"type":"if","locations":[{"start":{"line":153,"column":2},"end":{"line":159,"column":3}},{"start":{},"end":{}}],"line":153},"10":{"loc":{"start":{"line":153,"column":6},"end":{"line":153,"column":28}},"type":"binary-expr","locations":[{"start":{"line":153,"column":6},"end":{"line":153,"column":13}},{"start":{"line":153,"column":17},"end":{"line":153,"column":28}}],"line":153}},"s":{"0":1,"1":1,"2":1,"3":15,"4":15,"5":15,"6":15,"7":15,"8":8,"9":8,"10":0,"11":0,"12":8,"13":8,"14":15,"15":8,"16":8,"17":8,"18":8,"19":1,"20":7,"21":3,"22":3,"23":4,"24":5,"25":4,"26":4,"27":5,"28":2,"29":4,"30":4,"31":2,"32":2,"33":4,"34":5,"35":6,"36":2,"37":4,"38":1,"39":8,"40":8,"41":15,"42":0,"43":0,"44":15,"45":5,"46":0,"47":15,"48":3,"49":15,"50":8,"51":7,"52":10,"53":1},"f":{"0":15,"1":8,"2":0,"3":0,"4":8,"5":8,"6":5,"7":5,"8":2,"9":5,"10":6,"11":2,"12":0,"13":5,"14":0,"15":3,"16":10},"b":{"0":[1,7],"1":[3,4],"2":[7,7],"3":[2,2],"4":[2,0],"5":[5,0],"6":[2,3],"7":[2,0],"8":[5,5],"9":[8,7],"10":[15,8]},"_coverageSchema":"1a1c01bbd47fc00a2c39e90264f33305004495a9","hash":"2f65675b0e4e8c1ddcf9ca48c546ec8e2d5be421"}
,"/Users/tarunrawat/squad-mvp/src/context/AuthContext.js": {"path":"/Users/tarunrawat/squad-mvp/src/context/AuthContext.js","statementMap":{"0":{"start":{"line":4,"column":20},"end":{"line":4,"column":37}},"1":{"start":{"line":7,"column":26},"end":{"line":7,"column":40}},"2":{"start":{"line":8,"column":32},"end":{"line":8,"column":46}},"3":{"start":{"line":9,"column":32},"end":{"line":9,"column":46}},"4":{"start":{"line":11,"column":2},"end":{"line":24,"column":9}},"5":{"start":{"line":12,"column":4},"end":{"line":16,"column":7}},"6":{"start":{"line":13,"column":6},"end":{"line":13,"column":26}},"7":{"start":{"line":14,"column":6},"end":{"line":14,"column":37}},"8":{"start":{"line":15,"column":6},"end":{"line":15,"column":24}},"9":{"start":{"line":18,"column":39},"end":{"line":21,"column":6}},"10":{"start":{"line":19,"column":6},"end":{"line":19,"column":26}},"11":{"start":{"line":20,"column":6},"end":{"line":20,"column":37}},"12":{"start":{"line":23,"column":4},"end":{"line":23,"column":44}},"13":{"start":{"line":23,"column":17},"end":{"line":23,"column":43}},"14":{"start":{"line":26,"column":17},"end":{"line":54,"column":3}},"15":{"start":{"line":27,"column":28},"end":{"line":34,"column":6}},"16":{"start":{"line":35,"column":4},"end":{"line":35,"column":27}},"17":{"start":{"line":35,"column":15},"end":{"line":35,"column":27}},"18":{"start":{"line":38,"column":4},"end":{"line":52,"column":5}},"19":{"start":{"line":39,"column":37},"end":{"line":45,"column":8}},"20":{"start":{"line":47,"column":6},"end":{"line":51,"column":7}},"21":{"start":{"line":48,"column":8},"end":{"line":48,"column":77}},"22":{"start":{"line":53,"column":4},"end":{"line":53,"column":16}},"23":{"start":{"line":56,"column":17},"end":{"line":76,"column":3}},"24":{"start":{"line":57,"column":28},"end":{"line":60,"column":6}},"25":{"start":{"line":61,"column":4},"end":{"line":61,"column":27}},"26":{"start":{"line":61,"column":15},"end":{"line":61,"column":27}},"27":{"start":{"line":64,"column":4},"end":{"line":73,"column":5}},"28":{"start":{"line":65,"column":23},"end":{"line":65,"column":101}},"29":{"start":{"line":66,"column":6},"end":{"line":72,"column":9}},"30":{"start":{"line":75,"column":4},"end":{"line":75,"column":16}},"31":{"start":{"line":78,"column":18},"end":{"line":81,"column":3}},"32":{"start":{"line":79,"column":22},"end":{"line":79,"column":51}},"33":{"start":{"line":80,"column":4},"end":{"line":80,"column":27}},"34":{"start":{"line":80,"column":15},"end":{"line":80,"column":27}},"35":{"start":{"line":83,"column":2},"end":{"line":87,"column":4}},"36":{"start":{"line":90,"column":23},"end":{"line":90,"column":52}},"37":{"start":{"line":90,"column":29},"end":{"line":90,"column":52}}},"fnMap":{"0":{"name":"AuthProvider","decl":{"start":{"line":6,"column":16},"end":{"line":6,"column":28}},"loc":{"start":{"line":6,"column":43},"end":{"line":88,"column":1}},"line":6},"1":{"name":"(anonymous_1)","decl":{"start":{"line":11,"column":12},"end":{"line":11,"column":13}},"loc":{"start":{"line":11,"column":18},"end":{"line":24,"column":3}},"line":11},"2":{"name":"(anonymous_2)","decl":{"start":{"line":12,"column":36},"end":{"line":12,"column":37}},"loc":{"start":{"line":12,"column":63},"end":{"line":16,"column":5}},"line":12},"3":{"name":"(anonymous_3)","decl":{"start":{"line":18,"column":71},"end":{"line":18,"column":72}},"loc":{"start":{"line":18,"column":92},"end":{"line":21,"column":5}},"line":18},"4":{"name":"(anonymous_4)","decl":{"start":{"line":23,"column":11},"end":{"line":23,"column":12}},"loc":{"start":{"line":23,"column":17},"end":{"line":23,"column":43}},"line":23},"5":{"name":"(anonymous_5)","decl":{"start":{"line":26,"column":17},"end":{"line":26,"column":18}},"loc":{"start":{"line":26,"column":54},"end":{"line":54,"column":3}},"line":26},"6":{"name":"(anonymous_6)","decl":{"start":{"line":56,"column":17},"end":{"line":56,"column":18}},"loc":{"start":{"line":56,"column":44},"end":{"line":76,"column":3}},"line":56},"7":{"name":"(anonymous_7)","decl":{"start":{"line":78,"column":18},"end":{"line":78,"column":19}},"loc":{"start":{"line":78,"column":30},"end":{"line":81,"column":3}},"line":78},"8":{"name":"(anonymous_8)","decl":{"start":{"line":90,"column":23},"end":{"line":90,"column":24}},"loc":{"start":{"line":90,"column":29},"end":{"line":90,"column":52}},"line":90}},"branchMap":{"0":{"loc":{"start":{"line":14,"column":14},"end":{"line":14,"column":35}},"type":"binary-expr","locations":[{"start":{"line":14,"column":14},"end":{"line":14,"column":27}},{"start":{"line":14,"column":31},"end":{"line":14,"column":35}}],"line":14},"1":{"loc":{"start":{"line":20,"column":14},"end":{"line":20,"column":35}},"type":"binary-expr","locations":[{"start":{"line":20,"column":14},"end":{"line":20,"column":27}},{"start":{"line":20,"column":31},"end":{"line":20,"column":35}}],"line":20},"2":{"loc":{"start":{"line":35,"column":4},"end":{"line":35,"column":27}},"type":"if","locations":[{"start":{"line":35,"column":4},"end":{"line":35,"column":27}},{"start":{},"end":{}}],"line":35},"3":{"loc":{"start":{"line":38,"column":4},"end":{"line":52,"column":5}},"type":"if","locations":[{"start":{"line":38,"column":4},"end":{"line":52,"column":5}},{"start":{},"end":{}}],"line":38},"4":{"loc":{"start":{"line":47,"column":6},"end":{"line":51,"column":7}},"type":"if","locations":[{"start":{"line":47,"column":6},"end":{"line":51,"column":7}},{"start":{},"end":{}}],"line":47},"5":{"loc":{"start":{"line":61,"column":4},"end":{"line":61,"column":27}},"type":"if","locations":[{"start":{"line":61,"column":4},"end":{"line":61,"column":27}},{"start":{},"end":{}}],"line":61},"6":{"loc":{"start":{"line":64,"column":4},"end":{"line":73,"column":5}},"type":"if","locations":[{"start":{"line":64,"column":4},"end":{"line":73,"column":5}},{"start":{},"end":{}}],"line":64},"7":{"loc":{"start":{"line":65,"column":23},"end":{"line":65,"column":101}},"type":"binary-expr","locations":[{"start":{"line":65,"column":23},"end":{"line":65,"column":57}},{"start":{"line":65,"column":61},"end":{"line":65,"column":91}},{"start":{"line":65,"column":95},"end":{"line":65,"column":101}}],"line":65},"8":{"loc":{"start":{"line":80,"column":4},"end":{"line":80,"column":27}},"type":"if","locations":[{"start":{"line":80,"column":4},"end":{"line":80,"column":27}},{"start":{},"end":{}}],"line":80}},"s":{"0":1,"1":23,"2":23,"3":23,"4":23,"5":11,"6":11,"7":11,"8":11,"9":11,"10":1,"11":1,"12":11,"13":11,"14":23,"15":3,"16":3,"17":1,"18":2,"19":2,"20":2,"21":1,"22":2,"23":23,"24":3,"25":3,"26":1,"27":2,"28":2,"29":2,"30":2,"31":23,"32":2,"33":2,"34":1,"35":23,"36":1,"37":23},"f":{"0":23,"1":11,"2":11,"3":1,"4":11,"5":3,"6":3,"7":2,"8":23},"b":{"0":[11,10],"1":[1,0],"2":[1,2],"3":[2,0],"4":[1,1],"5":[1,2],"6":[2,0],"7":[2,1,0],"8":[1,1]},"_coverageSchema":"1a1c01bbd47fc00a2c39e90264f33305004495a9","hash":"1831c2091997ab90362cf0cf1ed3eb7d6d1cdb18"}
,"/Users/tarunrawat/squad-mvp/src/lib/voteUtils.js": {"path":"/Users/tarunrawat/squad-mvp/src/lib/voteUtils.js","statementMap":{"0":{"start":{"line":7,"column":2},"end":{"line":7,"column":52}},"1":{"start":{"line":7,"column":40},"end":{"line":7,"column":52}},"2":{"start":{"line":9,"column":2},"end":{"line":14,"column":11}},"3":{"start":{"line":10,"column":4},"end":{"line":12,"column":5}},"4":{"start":{"line":11,"column":6},"end":{"line":11,"column":20}},"5":{"start":{"line":13,"column":4},"end":{"line":13,"column":18}},"6":{"start":{"line":21,"column":2},"end":{"line":21,"column":84}},"7":{"start":{"line":21,"column":28},"end":{"line":21,"column":82}},"8":{"start":{"line":28,"column":2},"end":{"line":28,"column":36}},"9":{"start":{"line":28,"column":23},"end":{"line":28,"column":36}},"10":{"start":{"line":29,"column":2},"end":{"line":29,"column":48}},"11":{"start":{"line":36,"column":21},"end":{"line":36,"column":77}},"12":{"start":{"line":36,"column":48},"end":{"line":36,"column":73}},"13":{"start":{"line":37,"column":2},"end":{"line":37,"column":75}},"14":{"start":{"line":37,"column":24},"end":{"line":37,"column":75}},"15":{"start":{"line":37,"column":49},"end":{"line":37,"column":72}},"16":{"start":{"line":39,"column":2},"end":{"line":42,"column":6}},"17":{"start":{"line":39,"column":27},"end":{"line":42,"column":3}}},"fnMap":{"0":{"name":"calculateWinner","decl":{"start":{"line":6,"column":16},"end":{"line":6,"column":31}},"loc":{"start":{"line":6,"column":41},"end":{"line":15,"column":1}},"line":6},"1":{"name":"(anonymous_1)","decl":{"start":{"line":9,"column":24},"end":{"line":9,"column":25}},"loc":{"start":{"line":9,"column":44},"end":{"line":14,"column":3}},"line":9},"2":{"name":"hasUserVoted","decl":{"start":{"line":20,"column":16},"end":{"line":20,"column":28}},"loc":{"start":{"line":20,"column":54},"end":{"line":22,"column":1}},"line":20},"3":{"name":"(anonymous_3)","decl":{"start":{"line":21,"column":20},"end":{"line":21,"column":21}},"loc":{"start":{"line":21,"column":28},"end":{"line":21,"column":82}},"line":21},"4":{"name":"isVotingClosed","decl":{"start":{"line":27,"column":16},"end":{"line":27,"column":30}},"loc":{"start":{"line":27,"column":47},"end":{"line":30,"column":1}},"line":27},"5":{"name":"calculatePercentages","decl":{"start":{"line":35,"column":16},"end":{"line":35,"column":36}},"loc":{"start":{"line":35,"column":46},"end":{"line":43,"column":1}},"line":35},"6":{"name":"(anonymous_6)","decl":{"start":{"line":36,"column":36},"end":{"line":36,"column":37}},"loc":{"start":{"line":36,"column":48},"end":{"line":36,"column":73}},"line":36},"7":{"name":"(anonymous_7)","decl":{"start":{"line":37,"column":43},"end":{"line":37,"column":44}},"loc":{"start":{"line":37,"column":49},"end":{"line":37,"column":72}},"line":37},"8":{"name":"(anonymous_8)","decl":{"start":{"line":39,"column":21},"end":{"line":39,"column":22}},"loc":{"start":{"line":39,"column":27},"end":{"line":42,"column":3}},"line":39}},"branchMap":{"0":{"loc":{"start":{"line":7,"column":2},"end":{"line":7,"column":52}},"type":"if","locations":[{"start":{"line":7,"column":2},"end":{"line":7,"column":52}},{"start":{},"end":{}}],"line":7},"1":{"loc":{"start":{"line":7,"column":6},"end":{"line":7,"column":38}},"type":"binary-expr","locations":[{"start":{"line":7,"column":6},"end":{"line":7,"column":14}},{"start":{"line":7,"column":18},"end":{"line":7,"column":38}}],"line":7},"2":{"loc":{"start":{"line":10,"column":4},"end":{"line":12,"column":5}},"type":"if","locations":[{"start":{"line":10,"column":4},"end":{"line":12,"column":5}},{"start":{},"end":{}}],"line":10},"3":{"loc":{"start":{"line":10,"column":8},"end":{"line":10,"column":56}},"type":"binary-expr","locations":[{"start":{"line":10,"column":8},"end":{"line":10,"column":15}},{"start":{"line":10,"column":19},"end":{"line":10,"column":56}}],"line":10},"4":{"loc":{"start":{"line":21,"column":28},"end":{"line":21,"column":82}},"type":"binary-expr","locations":[{"start":{"line":21,"column":28},"end":{"line":21,"column":51}},{"start":{"line":21,"column":55},"end":{"line":21,"column":82}}],"line":21},"5":{"loc":{"start":{"line":28,"column":2},"end":{"line":28,"column":36}},"type":"if","locations":[{"start":{"line":28,"column":2},"end":{"line":28,"column":36}},{"start":{},"end":{}}],"line":28},"6":{"loc":{"start":{"line":36,"column":55},"end":{"line":36,"column":72}},"type":"binary-expr","locations":[{"start":{"line":36,"column":55},"end":{"line":36,"column":67}},{"start":{"line":36,"column":71},"end":{"line":36,"column":72}}],"line":36},"7":{"loc":{"start":{"line":37,"column":2},"end":{"line":37,"column":75}},"type":"if","locations":[{"start":{"line":37,"column":2},"end":{"line":37,"column":75}},{"start":{},"end":{}}],"line":37},"8":{"loc":{"start":{"line":41,"column":29},"end":{"line":41,"column":46}},"type":"binary-expr","locations":[{"start":{"line":41,"column":29},"end":{"line":41,"column":41}},{"start":{"line":41,"column":45},"end":{"line":41,"column":46}}],"line":41}},"s":{"0":6,"1":2,"2":4,"3":8,"4":5,"5":3,"6":3,"7":4,"8":3,"9":1,"10":2,"11":3,"12":5,"13":3,"14":1,"15":2,"16":2,"17":3},"f":{"0":6,"1":8,"2":3,"3":4,"4":3,"5":3,"6":5,"7":2,"8":3},"b":{"0":[2,4],"1":[6,5],"2":[5,3],"3":[8,4],"4":[4,2],"5":[1,2],"6":[5,2],"7":[1,2],"8":[3,0]},"_coverageSchema":"1a1c01bbd47fc00a2c39e90264f33305004495a9","hash":"c047426f2f6b312850c1294e089d618cc1f8a814"}
,"/Users/tarunrawat/squad-mvp/src/screens/events/CreateEventScreen.js": {"path":"/Users/tarunrawat/squad-mvp/src/screens/events/CreateEventScreen.js","statementMap":{"0":{"start":{"line":6,"column":22},"end":{"line":6,"column":34}},"1":{"start":{"line":7,"column":28},"end":{"line":7,"column":40}},"2":{"start":{"line":8,"column":40},"end":{"line":8,"column":52}},"3":{"start":{"line":9,"column":32},"end":{"line":9,"column":50}},"4":{"start":{"line":10,"column":32},"end":{"line":10,"column":47}},"5":{"start":{"line":12,"column":20},"end":{"line":18,"column":3}},"6":{"start":{"line":13,"column":4},"end":{"line":16,"column":5}},"7":{"start":{"line":14,"column":6},"end":{"line":14,"column":56}},"8":{"start":{"line":15,"column":6},"end":{"line":15,"column":13}},"9":{"start":{"line":17,"column":4},"end":{"line":17,"column":33}},"10":{"start":{"line":20,"column":23},"end":{"line":26,"column":3}},"11":{"start":{"line":21,"column":4},"end":{"line":24,"column":5}},"12":{"start":{"line":22,"column":6},"end":{"line":22,"column":60}},"13":{"start":{"line":23,"column":6},"end":{"line":23,"column":13}},"14":{"start":{"line":25,"column":4},"end":{"line":25,"column":54}},"15":{"start":{"line":25,"column":40},"end":{"line":25,"column":51}},"16":{"start":{"line":28,"column":23},"end":{"line":32,"column":3}},"17":{"start":{"line":29,"column":23},"end":{"line":29,"column":35}},"18":{"start":{"line":30,"column":4},"end":{"line":30,"column":29}},"19":{"start":{"line":31,"column":4},"end":{"line":31,"column":27}},"20":{"start":{"line":34,"column":23},"end":{"line":85,"column":3}},"21":{"start":{"line":35,"column":4},"end":{"line":38,"column":5}},"22":{"start":{"line":36,"column":6},"end":{"line":36,"column":51}},"23":{"start":{"line":37,"column":6},"end":{"line":37,"column":13}},"24":{"start":{"line":40,"column":26},"end":{"line":40,"column":55}},"25":{"start":{"line":40,"column":46},"end":{"line":40,"column":54}},"26":{"start":{"line":41,"column":4},"end":{"line":44,"column":5}},"27":{"start":{"line":42,"column":6},"end":{"line":42,"column":62}},"28":{"start":{"line":43,"column":6},"end":{"line":43,"column":13}},"29":{"start":{"line":46,"column":4},"end":{"line":46,"column":21}},"30":{"start":{"line":47,"column":4},"end":{"line":84,"column":5}},"31":{"start":{"line":49,"column":29},"end":{"line":49,"column":39}},"32":{"start":{"line":50,"column":6},"end":{"line":50,"column":62}},"33":{"start":{"line":52,"column":49},"end":{"line":62,"column":17}},"34":{"start":{"line":64,"column":6},"end":{"line":64,"column":39}},"35":{"start":{"line":64,"column":22},"end":{"line":64,"column":39}},"36":{"start":{"line":67,"column":25},"end":{"line":71,"column":9}},"37":{"start":{"line":67,"column":52},"end":{"line":71,"column":7}},"38":{"start":{"line":73,"column":38},"end":{"line":75,"column":27}},"39":{"start":{"line":77,"column":6},"end":{"line":77,"column":43}},"40":{"start":{"line":77,"column":24},"end":{"line":77,"column":43}},"41":{"start":{"line":79,"column":6},"end":{"line":79,"column":26}},"42":{"start":{"line":81,"column":6},"end":{"line":81,"column":42}},"43":{"start":{"line":83,"column":6},"end":{"line":83,"column":24}},"44":{"start":{"line":87,"column":2},"end":{"line":141,"column":4}},"45":{"start":{"line":109,"column":8},"end":{"line":124,"column":15}},"46":{"start":{"line":114,"column":36},"end":{"line":114,"column":61}},"47":{"start":{"line":119,"column":29},"end":{"line":119,"column":48}},"48":{"start":{"line":144,"column":15},"end":{"line":171,"column":2}}},"fnMap":{"0":{"name":"CreateEventScreen","decl":{"start":{"line":5,"column":24},"end":{"line":5,"column":41}},"loc":{"start":{"line":5,"column":65},"end":{"line":142,"column":1}},"line":5},"1":{"name":"(anonymous_1)","decl":{"start":{"line":12,"column":20},"end":{"line":12,"column":21}},"loc":{"start":{"line":12,"column":26},"end":{"line":18,"column":3}},"line":12},"2":{"name":"(anonymous_2)","decl":{"start":{"line":20,"column":23},"end":{"line":20,"column":24}},"loc":{"start":{"line":20,"column":34},"end":{"line":26,"column":3}},"line":20},"3":{"name":"(anonymous_3)","decl":{"start":{"line":25,"column":30},"end":{"line":25,"column":31}},"loc":{"start":{"line":25,"column":40},"end":{"line":25,"column":51}},"line":25},"4":{"name":"(anonymous_4)","decl":{"start":{"line":28,"column":23},"end":{"line":28,"column":24}},"loc":{"start":{"line":28,"column":40},"end":{"line":32,"column":3}},"line":28},"5":{"name":"(anonymous_5)","decl":{"start":{"line":34,"column":23},"end":{"line":34,"column":24}},"loc":{"start":{"line":34,"column":35},"end":{"line":85,"column":3}},"line":34},"6":{"name":"(anonymous_6)","decl":{"start":{"line":40,"column":41},"end":{"line":40,"column":42}},"loc":{"start":{"line":40,"column":46},"end":{"line":40,"column":54}},"line":40},"7":{"name":"(anonymous_7)","decl":{"start":{"line":67,"column":43},"end":{"line":67,"column":44}},"loc":{"start":{"line":67,"column":52},"end":{"line":71,"column":7}},"line":67},"8":{"name":"(anonymous_8)","decl":{"start":{"line":108,"column":19},"end":{"line":108,"column":20}},"loc":{"start":{"line":109,"column":8},"end":{"line":124,"column":15}},"line":109},"9":{"name":"(anonymous_9)","decl":{"start":{"line":114,"column":26},"end":{"line":114,"column":27}},"loc":{"start":{"line":114,"column":36},"end":{"line":114,"column":61}},"line":114},"10":{"name":"(anonymous_10)","decl":{"start":{"line":119,"column":23},"end":{"line":119,"column":24}},"loc":{"start":{"line":119,"column":29},"end":{"line":119,"column":48}},"line":119}},"branchMap":{"0":{"loc":{"start":{"line":13,"column":4},"end":{"line":16,"column":5}},"type":"if","locations":[{"start":{"line":13,"column":4},"end":{"line":16,"column":5}},{"start":{},"end":{}}],"line":13},"1":{"loc":{"start":{"line":21,"column":4},"end":{"line":24,"column":5}},"type":"if","locations":[{"start":{"line":21,"column":4},"end":{"line":24,"column":5}},{"start":{},"end":{}}],"line":21},"2":{"loc":{"start":{"line":35,"column":4},"end":{"line":38,"column":5}},"type":"if","locations":[{"start":{"line":35,"column":4},"end":{"line":38,"column":5}},{"start":{},"end":{}}],"line":35},"3":{"loc":{"start":{"line":41,"column":4},"end":{"line":44,"column":5}},"type":"if","locations":[{"start":{"line":41,"column":4},"end":{"line":44,"column":5}},{"start":{},"end":{}}],"line":41},"4":{"loc":{"start":{"line":57,"column":23},"end":{"line":57,"column":49}},"type":"binary-expr","locations":[{"start":{"line":57,"column":23},"end":{"line":57,"column":41}},{"start":{"line":57,"column":45},"end":{"line":57,"column":49}}],"line":57},"5":{"loc":{"start":{"line":64,"column":6},"end":{"line":64,"column":39}},"type":"if","locations":[{"start":{"line":64,"column":6},"end":{"line":64,"column":39}},{"start":{},"end":{}}],"line":64},"6":{"loc":{"start":{"line":77,"column":6},"end":{"line":77,"column":43}},"type":"if","locations":[{"start":{"line":77,"column":6},"end":{"line":77,"column":43}},{"start":{},"end":{}}],"line":77},"7":{"loc":{"start":{"line":116,"column":11},"end":{"line":123,"column":11}},"type":"binary-expr","locations":[{"start":{"line":116,"column":11},"end":{"line":116,"column":29}},{"start":{"line":117,"column":12},"end":{"line":122,"column":31}}],"line":116},"8":{"loc":{"start":{"line":127,"column":7},"end":{"line":131,"column":7}},"type":"binary-expr","locations":[{"start":{"line":127,"column":7},"end":{"line":127,"column":25}},{"start":{"line":128,"column":8},"end":{"line":130,"column":27}}],"line":127},"9":{"loc":{"start":{"line":134,"column":37},"end":{"line":134,"column":69}},"type":"binary-expr","locations":[{"start":{"line":134,"column":37},"end":{"line":134,"column":44}},{"start":{"line":134,"column":48},"end":{"line":134,"column":69}}],"line":134},"10":{"loc":{"start":{"line":138,"column":41},"end":{"line":138,"column":81}},"type":"cond-expr","locations":[{"start":{"line":138,"column":51},"end":{"line":138,"column":64}},{"start":{"line":138,"column":67},"end":{"line":138,"column":81}}],"line":138}},"s":{"0":7,"1":7,"2":7,"3":7,"4":7,"5":7,"6":1,"7":0,"8":0,"9":1,"10":7,"11":0,"12":0,"13":0,"14":0,"15":0,"16":7,"17":1,"18":1,"19":1,"20":7,"21":0,"22":0,"23":0,"24":0,"25":0,"26":0,"27":0,"28":0,"29":0,"30":0,"31":0,"32":0,"33":0,"34":0,"35":0,"36":0,"37":0,"38":0,"39":0,"40":0,"41":0,"42":0,"43":0,"44":7,"45":15,"46":1,"47":0,"48":1},"f":{"0":7,"1":1,"2":0,"3":0,"4":1,"5":0,"6":0,"7":0,"8":15,"9":1,"10":0},"b":{"0":[0,1],"1":[0,0],"2":[0,0],"3":[0,0],"4":[0,0],"5":[0,0],"6":[0,0],"7":[15,3],"8":[7,7],"9":[7,0],"10":[0,7]},"_coverageSchema":"1a1c01bbd47fc00a2c39e90264f33305004495a9","hash":"bcb34583fba6d335d803b7f1a28ea51c83ee5b76"}
,"/Users/tarunrawat/squad-mvp/src/screens/events/EventResultScreen.js": {"path":"/Users/tarunrawat/squad-mvp/src/screens/events/EventResultScreen.js","statementMap":{"0":{"start":{"line":7,"column":34},"end":{"line":7,"column":46}},"1":{"start":{"line":8,"column":19},"end":{"line":8,"column":28}},"2":{"start":{"line":9,"column":32},"end":{"line":9,"column":44}},"3":{"start":{"line":10,"column":30},"end":{"line":10,"column":42}},"4":{"start":{"line":11,"column":26},"end":{"line":11,"column":40}},"5":{"start":{"line":12,"column":32},"end":{"line":12,"column":46}},"6":{"start":{"line":14,"column":2},"end":{"line":16,"column":9}},"7":{"start":{"line":15,"column":4},"end":{"line":15,"column":19}},"8":{"start":{"line":18,"column":23},"end":{"line":41,"column":3}},"9":{"start":{"line":19,"column":28},"end":{"line":23,"column":48}},"10":{"start":{"line":25,"column":4},"end":{"line":25,"column":39}},"11":{"start":{"line":25,"column":16},"end":{"line":25,"column":39}},"12":{"start":{"line":28,"column":31},"end":{"line":31,"column":30}},"13":{"start":{"line":33,"column":21},"end":{"line":33,"column":23}},"14":{"start":{"line":34,"column":4},"end":{"line":37,"column":7}},"15":{"start":{"line":35,"column":6},"end":{"line":35,"column":61}},"16":{"start":{"line":35,"column":34},"end":{"line":35,"column":61}},"17":{"start":{"line":36,"column":6},"end":{"line":36,"column":66}},"18":{"start":{"line":38,"column":4},"end":{"line":38,"column":24}},"19":{"start":{"line":40,"column":4},"end":{"line":40,"column":22}},"20":{"start":{"line":43,"column":17},"end":{"line":43,"column":27}},"21":{"start":{"line":44,"column":21},"end":{"line":44,"column":77}},"22":{"start":{"line":44,"column":48},"end":{"line":44,"column":73}},"23":{"start":{"line":46,"column":23},"end":{"line":70,"column":3}},"24":{"start":{"line":47,"column":23},"end":{"line":47,"column":92}},"25":{"start":{"line":48,"column":21},"end":{"line":48,"column":32}},"26":{"start":{"line":49,"column":25},"end":{"line":49,"column":46}},"27":{"start":{"line":51,"column":4},"end":{"line":69,"column":6}},"28":{"start":{"line":72,"column":2},"end":{"line":78,"column":3}},"29":{"start":{"line":73,"column":4},"end":{"line":77,"column":6}},"30":{"start":{"line":80,"column":2},"end":{"line":120,"column":4}},"31":{"start":{"line":98,"column":30},"end":{"line":98,"column":37}},"32":{"start":{"line":107,"column":27},"end":{"line":107,"column":40}},"33":{"start":{"line":113,"column":27},"end":{"line":113,"column":41}},"34":{"start":{"line":123,"column":15},"end":{"line":171,"column":2}}},"fnMap":{"0":{"name":"EventResultScreen","decl":{"start":{"line":6,"column":24},"end":{"line":6,"column":41}},"loc":{"start":{"line":6,"column":53},"end":{"line":121,"column":1}},"line":6},"1":{"name":"(anonymous_1)","decl":{"start":{"line":14,"column":12},"end":{"line":14,"column":13}},"loc":{"start":{"line":14,"column":18},"end":{"line":16,"column":3}},"line":14},"2":{"name":"(anonymous_2)","decl":{"start":{"line":18,"column":23},"end":{"line":18,"column":24}},"loc":{"start":{"line":18,"column":35},"end":{"line":41,"column":3}},"line":18},"3":{"name":"(anonymous_3)","decl":{"start":{"line":34,"column":29},"end":{"line":34,"column":30}},"loc":{"start":{"line":34,"column":34},"end":{"line":37,"column":5}},"line":34},"4":{"name":"(anonymous_4)","decl":{"start":{"line":44,"column":36},"end":{"line":44,"column":37}},"loc":{"start":{"line":44,"column":48},"end":{"line":44,"column":73}},"line":44},"5":{"name":"(anonymous_5)","decl":{"start":{"line":46,"column":23},"end":{"line":46,"column":24}},"loc":{"start":{"line":46,"column":44},"end":{"line":70,"column":3}},"line":46},"6":{"name":"(anonymous_6)","decl":{"start":{"line":98,"column":22},"end":{"line":98,"column":23}},"loc":{"start":{"line":98,"column":30},"end":{"line":98,"column":37}},"line":98},"7":{"name":"(anonymous_7)","decl":{"start":{"line":107,"column":21},"end":{"line":107,"column":22}},"loc":{"start":{"line":107,"column":27},"end":{"line":107,"column":40}},"line":107},"8":{"name":"(anonymous_8)","decl":{"start":{"line":113,"column":21},"end":{"line":113,"column":22}},"loc":{"start":{"line":113,"column":27},"end":{"line":113,"column":41}},"line":113}},"branchMap":{"0":{"loc":{"start":{"line":25,"column":4},"end":{"line":25,"column":39}},"type":"if","locations":[{"start":{"line":25,"column":4},"end":{"line":25,"column":39}},{"start":{},"end":{}}],"line":25},"1":{"loc":{"start":{"line":25,"column":27},"end":{"line":25,"column":37}},"type":"binary-expr","locations":[{"start":{"line":25,"column":27},"end":{"line":25,"column":31}},{"start":{"line":25,"column":35},"end":{"line":25,"column":37}}],"line":25},"2":{"loc":{"start":{"line":34,"column":5},"end":{"line":34,"column":19}},"type":"binary-expr","locations":[{"start":{"line":34,"column":5},"end":{"line":34,"column":13}},{"start":{"line":34,"column":17},"end":{"line":34,"column":19}}],"line":34},"3":{"loc":{"start":{"line":35,"column":6},"end":{"line":35,"column":61}},"type":"if","locations":[{"start":{"line":35,"column":6},"end":{"line":35,"column":61}},{"start":{},"end":{}}],"line":35},"4":{"loc":{"start":{"line":36,"column":33},"end":{"line":36,"column":64}},"type":"binary-expr","locations":[{"start":{"line":36,"column":33},"end":{"line":36,"column":51}},{"start":{"line":36,"column":55},"end":{"line":36,"column":64}}],"line":36},"5":{"loc":{"start":{"line":44,"column":55},"end":{"line":44,"column":72}},"type":"binary-expr","locations":[{"start":{"line":44,"column":55},"end":{"line":44,"column":67}},{"start":{"line":44,"column":71},"end":{"line":44,"column":72}}],"line":44},"6":{"loc":{"start":{"line":47,"column":23},"end":{"line":47,"column":92}},"type":"cond-expr","locations":[{"start":{"line":47,"column":40},"end":{"line":47,"column":88}},{"start":{"line":47,"column":91},"end":{"line":47,"column":92}}],"line":47},"7":{"loc":{"start":{"line":49,"column":25},"end":{"line":49,"column":46}},"type":"binary-expr","locations":[{"start":{"line":49,"column":25},"end":{"line":49,"column":40}},{"start":{"line":49,"column":44},"end":{"line":49,"column":46}}],"line":49},"8":{"loc":{"start":{"line":52,"column":38},"end":{"line":52,"column":66}},"type":"binary-expr","locations":[{"start":{"line":52,"column":38},"end":{"line":52,"column":46}},{"start":{"line":52,"column":50},"end":{"line":52,"column":66}}],"line":52},"9":{"loc":{"start":{"line":54,"column":43},"end":{"line":54,"column":72}},"type":"binary-expr","locations":[{"start":{"line":54,"column":43},"end":{"line":54,"column":51}},{"start":{"line":54,"column":55},"end":{"line":54,"column":72}}],"line":54},"10":{"loc":{"start":{"line":55,"column":13},"end":{"line":55,"column":34}},"type":"cond-expr","locations":[{"start":{"line":55,"column":24},"end":{"line":55,"column":29}},{"start":{"line":55,"column":32},"end":{"line":55,"column":34}}],"line":55},"11":{"loc":{"start":{"line":60,"column":65},"end":{"line":60,"column":93}},"type":"binary-expr","locations":[{"start":{"line":60,"column":65},"end":{"line":60,"column":73}},{"start":{"line":60,"column":77},"end":{"line":60,"column":93}}],"line":60},"12":{"loc":{"start":{"line":63,"column":11},"end":{"line":65,"column":11}},"type":"binary-expr","locations":[{"start":{"line":63,"column":11},"end":{"line":63,"column":34}},{"start":{"line":64,"column":12},"end":{"line":64,"column":76}}],"line":63},"13":{"loc":{"start":{"line":72,"column":2},"end":{"line":78,"column":3}},"type":"if","locations":[{"start":{"line":72,"column":2},"end":{"line":78,"column":3}},{"start":{},"end":{}}],"line":72},"14":{"loc":{"start":{"line":84,"column":7},"end":{"line":92,"column":7}},"type":"binary-expr","locations":[{"start":{"line":84,"column":7},"end":{"line":84,"column":13}},{"start":{"line":85,"column":8},"end":{"line":91,"column":15}}],"line":84},"15":{"loc":{"start":{"line":89,"column":40},"end":{"line":89,"column":111}},"type":"cond-expr","locations":[{"start":{"line":89,"column":57},"end":{"line":89,"column":107}},{"start":{"line":89,"column":110},"end":{"line":89,"column":111}}],"line":89},"16":{"loc":{"start":{"line":106,"column":39},"end":{"line":106,"column":69}},"type":"binary-expr","locations":[{"start":{"line":106,"column":39},"end":{"line":106,"column":52}},{"start":{"line":106,"column":56},"end":{"line":106,"column":69}}],"line":106},"17":{"loc":{"start":{"line":109,"column":43},"end":{"line":109,"column":81}},"type":"binary-expr","locations":[{"start":{"line":109,"column":43},"end":{"line":109,"column":56}},{"start":{"line":109,"column":60},"end":{"line":109,"column":81}}],"line":109},"18":{"loc":{"start":{"line":112,"column":39},"end":{"line":112,"column":71}},"type":"binary-expr","locations":[{"start":{"line":112,"column":39},"end":{"line":112,"column":53}},{"start":{"line":112,"column":57},"end":{"line":112,"column":71}}],"line":112},"19":{"loc":{"start":{"line":115,"column":43},"end":{"line":115,"column":82}},"type":"binary-expr","locations":[{"start":{"line":115,"column":43},"end":{"line":115,"column":57}},{"start":{"line":115,"column":61},"end":{"line":115,"column":82}}],"line":115}},"s":{"0":23,"1":23,"2":23,"3":23,"4":23,"5":23,"6":23,"7":11,"8":23,"9":11,"10":10,"11":10,"12":10,"13":10,"14":10,"15":7,"16":4,"17":7,"18":10,"19":10,"20":23,"21":23,"22":16,"23":23,"24":16,"25":16,"26":16,"27":16,"28":23,"29":11,"30":12,"31":26,"32":1,"33":1,"34":1},"f":{"0":23,"1":11,"2":11,"3":7,"4":16,"5":16,"6":26,"7":1,"8":1},"b":{"0":[10,0],"1":[10,0],"2":[10,0],"3":[4,3],"4":[7,0],"5":[16,2],"6":[14,2],"7":[16,12],"8":[16,12],"9":[16,12],"10":[12,4],"11":[16,12],"12":[16,4],"13":[11,12],"14":[12,12],"15":[10,2],"16":[12,1],"17":[12,1],"18":[12,1],"19":[12,1]},"_coverageSchema":"1a1c01bbd47fc00a2c39e90264f33305004495a9","hash":"801cc6d9b13b7c902abdc836d45f16c15f9daea1"}
,"/Users/tarunrawat/squad-mvp/src/screens/events/SwipeVotingScreen.js": {"path":"/Users/tarunrawat/squad-mvp/src/screens/events/SwipeVotingScreen.js","statementMap":{"0":{"start":{"line":8,"column":34},"end":{"line":8,"column":46}},"1":{"start":{"line":9,"column":19},"end":{"line":9,"column":28}},"2":{"start":{"line":10,"column":32},"end":{"line":10,"column":44}},"3":{"start":{"line":11,"column":38},"end":{"line":11,"column":50}},"4":{"start":{"line":12,"column":30},"end":{"line":12,"column":42}},"5":{"start":{"line":13,"column":32},"end":{"line":13,"column":46}},"6":{"start":{"line":14,"column":36},"end":{"line":14,"column":51}},"7":{"start":{"line":15,"column":20},"end":{"line":15,"column":32}},"8":{"start":{"line":17,"column":2},"end":{"line":21,"column":9}},"9":{"start":{"line":18,"column":4},"end":{"line":18,"column":19}},"10":{"start":{"line":19,"column":20},"end":{"line":19,"column":38}},"11":{"start":{"line":20,"column":4},"end":{"line":20,"column":19}},"12":{"start":{"line":23,"column":22},"end":{"line":35,"column":3}},"13":{"start":{"line":24,"column":21},"end":{"line":27,"column":30}},"14":{"start":{"line":29,"column":21},"end":{"line":29,"column":23}},"15":{"start":{"line":30,"column":4},"end":{"line":33,"column":7}},"16":{"start":{"line":31,"column":6},"end":{"line":31,"column":61}},"17":{"start":{"line":31,"column":34},"end":{"line":31,"column":61}},"18":{"start":{"line":32,"column":6},"end":{"line":32,"column":66}},"19":{"start":{"line":34,"column":4},"end":{"line":34,"column":24}},"20":{"start":{"line":37,"column":23},"end":{"line":70,"column":3}},"21":{"start":{"line":39,"column":44},"end":{"line":42,"column":30}},"22":{"start":{"line":44,"column":4},"end":{"line":47,"column":5}},"23":{"start":{"line":45,"column":6},"end":{"line":45,"column":42}},"24":{"start":{"line":46,"column":6},"end":{"line":46,"column":13}},"25":{"start":{"line":49,"column":4},"end":{"line":49,"column":40}},"26":{"start":{"line":52,"column":32},"end":{"line":56,"column":29}},"27":{"start":{"line":58,"column":27},"end":{"line":58,"column":66}},"28":{"start":{"line":58,"column":54},"end":{"line":58,"column":65}},"29":{"start":{"line":61,"column":27},"end":{"line":61,"column":93}},"30":{"start":{"line":61,"column":62},"end":{"line":61,"column":92}},"31":{"start":{"line":63,"column":4},"end":{"line":65,"column":5}},"32":{"start":{"line":64,"column":6},"end":{"line":64,"column":25}},"33":{"start":{"line":67,"column":4},"end":{"line":67,"column":31}},"34":{"start":{"line":68,"column":4},"end":{"line":68,"column":24}},"35":{"start":{"line":69,"column":4},"end":{"line":69,"column":22}},"36":{"start":{"line":72,"column":27},"end":{"line":97,"column":3}},"37":{"start":{"line":73,"column":20},"end":{"line":94,"column":18}},"38":{"start":{"line":79,"column":10},"end":{"line":81,"column":12}},"39":{"start":{"line":80,"column":12},"end":{"line":80,"column":101}},"40":{"start":{"line":80,"column":26},"end":{"line":80,"column":100}},"41":{"start":{"line":82,"column":10},"end":{"line":84,"column":12}},"42":{"start":{"line":83,"column":12},"end":{"line":83,"column":101}},"43":{"start":{"line":83,"column":26},"end":{"line":83,"column":100}},"44":{"start":{"line":91,"column":10},"end":{"line":91,"column":24}},"45":{"start":{"line":96,"column":4},"end":{"line":96,"column":49}},"46":{"start":{"line":96,"column":17},"end":{"line":96,"column":48}},"47":{"start":{"line":99,"column":27},"end":{"line":117,"column":3}},"48":{"start":{"line":100,"column":19},"end":{"line":100,"column":37}},"49":{"start":{"line":101,"column":4},"end":{"line":116,"column":5}},"50":{"start":{"line":103,"column":6},"end":{"line":107,"column":9}},"51":{"start":{"line":110,"column":6},"end":{"line":113,"column":29}},"52":{"start":{"line":115,"column":6},"end":{"line":115,"column":42}},"53":{"start":{"line":119,"column":26},"end":{"line":121,"column":3}},"54":{"start":{"line":123,"column":26},"end":{"line":125,"column":3}},"55":{"start":{"line":124,"column":4},"end":{"line":124,"column":23}},"56":{"start":{"line":127,"column":2},"end":{"line":133,"column":3}},"57":{"start":{"line":128,"column":4},"end":{"line":132,"column":6}},"58":{"start":{"line":135,"column":2},"end":{"line":165,"column":3}},"59":{"start":{"line":136,"column":26},"end":{"line":136,"column":99}},"60":{"start":{"line":136,"column":57},"end":{"line":136,"column":98}},"61":{"start":{"line":137,"column":4},"end":{"line":164,"column":6}},"62":{"start":{"line":144,"column":32},"end":{"line":144,"column":39}},"63":{"start":{"line":147,"column":31},"end":{"line":147,"column":52}},"64":{"start":{"line":148,"column":12},"end":{"line":160,"column":14}},"65":{"start":{"line":167,"column":2},"end":{"line":224,"column":4}},"66":{"start":{"line":177,"column":31},"end":{"line":177,"column":53}},"67":{"start":{"line":178,"column":12},"end":{"line":188,"column":14}},"68":{"start":{"line":227,"column":15},"end":{"line":266,"column":2}}},"fnMap":{"0":{"name":"SwipeVotingScreen","decl":{"start":{"line":7,"column":24},"end":{"line":7,"column":41}},"loc":{"start":{"line":7,"column":65},"end":{"line":225,"column":1}},"line":7},"1":{"name":"(anonymous_1)","decl":{"start":{"line":17,"column":12},"end":{"line":17,"column":13}},"loc":{"start":{"line":17,"column":18},"end":{"line":21,"column":3}},"line":17},"2":{"name":"(anonymous_2)","decl":{"start":{"line":23,"column":22},"end":{"line":23,"column":23}},"loc":{"start":{"line":23,"column":34},"end":{"line":35,"column":3}},"line":23},"3":{"name":"(anonymous_3)","decl":{"start":{"line":30,"column":25},"end":{"line":30,"column":26}},"loc":{"start":{"line":30,"column":30},"end":{"line":33,"column":5}},"line":30},"4":{"name":"(anonymous_4)","decl":{"start":{"line":37,"column":23},"end":{"line":37,"column":24}},"loc":{"start":{"line":37,"column":35},"end":{"line":70,"column":3}},"line":37},"5":{"name":"(anonymous_5)","decl":{"start":{"line":58,"column":49},"end":{"line":58,"column":50}},"loc":{"start":{"line":58,"column":54},"end":{"line":58,"column":65}},"line":58},"6":{"name":"(anonymous_6)","decl":{"start":{"line":61,"column":57},"end":{"line":61,"column":58}},"loc":{"start":{"line":61,"column":62},"end":{"line":61,"column":92}},"line":61},"7":{"name":"(anonymous_7)","decl":{"start":{"line":72,"column":27},"end":{"line":72,"column":28}},"loc":{"start":{"line":72,"column":33},"end":{"line":97,"column":3}},"line":72},"8":{"name":"(anonymous_8)","decl":{"start":{"line":78,"column":8},"end":{"line":78,"column":9}},"loc":{"start":{"line":78,"column":21},"end":{"line":85,"column":9}},"line":78},"9":{"name":"(anonymous_9)","decl":{"start":{"line":79,"column":21},"end":{"line":79,"column":22}},"loc":{"start":{"line":80,"column":12},"end":{"line":80,"column":101}},"line":80},"10":{"name":"(anonymous_10)","decl":{"start":{"line":80,"column":21},"end":{"line":80,"column":22}},"loc":{"start":{"line":80,"column":26},"end":{"line":80,"column":100}},"line":80},"11":{"name":"(anonymous_11)","decl":{"start":{"line":82,"column":24},"end":{"line":82,"column":25}},"loc":{"start":{"line":83,"column":12},"end":{"line":83,"column":101}},"line":83},"12":{"name":"(anonymous_12)","decl":{"start":{"line":83,"column":21},"end":{"line":83,"column":22}},"loc":{"start":{"line":83,"column":26},"end":{"line":83,"column":100}},"line":83},"13":{"name":"(anonymous_13)","decl":{"start":{"line":90,"column":8},"end":{"line":90,"column":9}},"loc":{"start":{"line":90,"column":14},"end":{"line":92,"column":9}},"line":90},"14":{"name":"(anonymous_14)","decl":{"start":{"line":96,"column":11},"end":{"line":96,"column":12}},"loc":{"start":{"line":96,"column":17},"end":{"line":96,"column":48}},"line":96},"15":{"name":"(anonymous_15)","decl":{"start":{"line":99,"column":27},"end":{"line":99,"column":28}},"loc":{"start":{"line":99,"column":48},"end":{"line":117,"column":3}},"line":99},"16":{"name":"(anonymous_16)","decl":{"start":{"line":119,"column":26},"end":{"line":119,"column":27}},"loc":{"start":{"line":119,"column":41},"end":{"line":121,"column":3}},"line":119},"17":{"name":"(anonymous_17)","decl":{"start":{"line":123,"column":26},"end":{"line":123,"column":27}},"loc":{"start":{"line":123,"column":32},"end":{"line":125,"column":3}},"line":123},"18":{"name":"(anonymous_18)","decl":{"start":{"line":136,"column":47},"end":{"line":136,"column":48}},"loc":{"start":{"line":136,"column":57},"end":{"line":136,"column":98}},"line":136},"19":{"name":"(anonymous_19)","decl":{"start":{"line":144,"column":24},"end":{"line":144,"column":25}},"loc":{"start":{"line":144,"column":32},"end":{"line":144,"column":39}},"line":144},"20":{"name":"(anonymous_20)","decl":{"start":{"line":146,"column":22},"end":{"line":146,"column":23}},"loc":{"start":{"line":146,"column":36},"end":{"line":161,"column":11}},"line":146},"21":{"name":"(anonymous_21)","decl":{"start":{"line":176,"column":22},"end":{"line":176,"column":23}},"loc":{"start":{"line":176,"column":32},"end":{"line":189,"column":11}},"line":176}},"branchMap":{"0":{"loc":{"start":{"line":30,"column":5},"end":{"line":30,"column":15}},"type":"binary-expr","locations":[{"start":{"line":30,"column":5},"end":{"line":30,"column":9}},{"start":{"line":30,"column":13},"end":{"line":30,"column":15}}],"line":30},"1":{"loc":{"start":{"line":31,"column":6},"end":{"line":31,"column":61}},"type":"if","locations":[{"start":{"line":31,"column":6},"end":{"line":31,"column":61}},{"start":{},"end":{}}],"line":31},"2":{"loc":{"start":{"line":32,"column":33},"end":{"line":32,"column":64}},"type":"binary-expr","locations":[{"start":{"line":32,"column":33},"end":{"line":32,"column":51}},{"start":{"line":32,"column":55},"end":{"line":32,"column":64}}],"line":32},"3":{"loc":{"start":{"line":44,"column":4},"end":{"line":47,"column":5}},"type":"if","locations":[{"start":{"line":44,"column":4},"end":{"line":47,"column":5}},{"start":{},"end":{}}],"line":44},"4":{"loc":{"start":{"line":49,"column":18},"end":{"line":49,"column":38}},"type":"binary-expr","locations":[{"start":{"line":49,"column":18},"end":{"line":49,"column":32}},{"start":{"line":49,"column":36},"end":{"line":49,"column":38}}],"line":49},"5":{"loc":{"start":{"line":58,"column":28},"end":{"line":58,"column":43}},"type":"binary-expr","locations":[{"start":{"line":58,"column":28},"end":{"line":58,"column":37}},{"start":{"line":58,"column":41},"end":{"line":58,"column":43}}],"line":58},"6":{"loc":{"start":{"line":61,"column":28},"end":{"line":61,"column":48}},"type":"binary-expr","locations":[{"start":{"line":61,"column":28},"end":{"line":61,"column":42}},{"start":{"line":61,"column":46},"end":{"line":61,"column":48}}],"line":61},"7":{"loc":{"start":{"line":63,"column":4},"end":{"line":65,"column":5}},"type":"if","locations":[{"start":{"line":63,"column":4},"end":{"line":65,"column":5}},{"start":{},"end":{}}],"line":63},"8":{"loc":{"start":{"line":80,"column":26},"end":{"line":80,"column":100}},"type":"cond-expr","locations":[{"start":{"line":80,"column":52},"end":{"line":80,"column":96}},{"start":{"line":80,"column":99},"end":{"line":80,"column":100}}],"line":80},"9":{"loc":{"start":{"line":83,"column":26},"end":{"line":83,"column":100}},"type":"cond-expr","locations":[{"start":{"line":83,"column":52},"end":{"line":83,"column":96}},{"start":{"line":83,"column":99},"end":{"line":83,"column":100}}],"line":83},"10":{"loc":{"start":{"line":127,"column":2},"end":{"line":133,"column":3}},"type":"if","locations":[{"start":{"line":127,"column":2},"end":{"line":133,"column":3}},{"start":{},"end":{}}],"line":127},"11":{"loc":{"start":{"line":135,"column":2},"end":{"line":165,"column":3}},"type":"if","locations":[{"start":{"line":135,"column":2},"end":{"line":165,"column":3}},{"start":{},"end":{}}],"line":135},"12":{"loc":{"start":{"line":136,"column":58},"end":{"line":136,"column":75}},"type":"binary-expr","locations":[{"start":{"line":136,"column":58},"end":{"line":136,"column":70}},{"start":{"line":136,"column":74},"end":{"line":136,"column":75}}],"line":136},"13":{"loc":{"start":{"line":136,"column":80},"end":{"line":136,"column":97}},"type":"binary-expr","locations":[{"start":{"line":136,"column":80},"end":{"line":136,"column":92}},{"start":{"line":136,"column":96},"end":{"line":136,"column":97}}],"line":136},"14":{"loc":{"start":{"line":147,"column":31},"end":{"line":147,"column":52}},"type":"binary-expr","locations":[{"start":{"line":147,"column":31},"end":{"line":147,"column":46}},{"start":{"line":147,"column":50},"end":{"line":147,"column":52}}],"line":147},"15":{"loc":{"start":{"line":152,"column":51},"end":{"line":152,"column":71}},"type":"binary-expr","locations":[{"start":{"line":152,"column":51},"end":{"line":152,"column":66}},{"start":{"line":152,"column":70},"end":{"line":152,"column":71}}],"line":152},"16":{"loc":{"start":{"line":154,"column":17},"end":{"line":158,"column":17}},"type":"binary-expr","locations":[{"start":{"line":154,"column":17},"end":{"line":154,"column":38}},{"start":{"line":155,"column":18},"end":{"line":157,"column":25}}],"line":154},"17":{"loc":{"start":{"line":177,"column":31},"end":{"line":177,"column":53}},"type":"binary-expr","locations":[{"start":{"line":177,"column":31},"end":{"line":177,"column":47}},{"start":{"line":177,"column":51},"end":{"line":177,"column":53}}],"line":177},"18":{"loc":{"start":{"line":181,"column":48},"end":{"line":181,"column":69}},"type":"binary-expr","locations":[{"start":{"line":181,"column":48},"end":{"line":181,"column":64}},{"start":{"line":181,"column":68},"end":{"line":181,"column":69}}],"line":181},"19":{"loc":{"start":{"line":182,"column":17},"end":{"line":186,"column":17}},"type":"binary-expr","locations":[{"start":{"line":182,"column":17},"end":{"line":182,"column":38}},{"start":{"line":183,"column":18},"end":{"line":185,"column":25}}],"line":182}},"s":{"0":14,"1":14,"2":14,"3":14,"4":14,"5":14,"6":14,"7":14,"8":14,"9":7,"10":7,"11":7,"12":14,"13":6,"14":6,"15":6,"16":0,"17":0,"18":0,"19":6,"20":14,"21":7,"22":7,"23":0,"24":0,"25":7,"26":7,"27":6,"28":7,"29":6,"30":9,"31":6,"32":3,"33":6,"34":6,"35":6,"36":14,"37":7,"38":0,"39":0,"40":0,"41":0,"42":0,"43":0,"44":0,"45":7,"46":7,"47":14,"48":0,"49":0,"50":0,"51":0,"52":0,"53":14,"54":14,"55":0,"56":14,"57":8,"58":6,"59":3,"60":3,"61":3,"62":9,"63":6,"64":6,"65":3,"66":0,"67":0,"68":1},"f":{"0":14,"1":7,"2":6,"3":0,"4":7,"5":7,"6":9,"7":7,"8":0,"9":0,"10":0,"11":0,"12":0,"13":0,"14":7,"15":0,"16":0,"17":0,"18":3,"19":9,"20":6,"21":0},"b":{"0":[6,6],"1":[0,0],"2":[0,0],"3":[0,7],"4":[7,1],"5":[6,0],"6":[6,0],"7":[3,3],"8":[0,0],"9":[0,0],"10":[8,6],"11":[3,3],"12":[3,0],"13":[3,0],"14":[6,6],"15":[6,0],"16":[6,0],"17":[0,0],"18":[0,0],"19":[0,0]},"_coverageSchema":"1a1c01bbd47fc00a2c39e90264f33305004495a9","hash":"e1faf4e03a139a61d46e238334961e9b1a7c0018"}
,"/Users/tarunrawat/squad-mvp/src/screens/squads/SquadDetailScreen.js": {"path":"/Users/tarunrawat/squad-mvp/src/screens/squads/SquadDetailScreen.js","statementMap":{"0":{"start":{"line":12,"column":33},"end":{"line":12,"column":45}},"1":{"start":{"line":13,"column":19},"end":{"line":13,"column":28}},"2":{"start":{"line":14,"column":36},"end":{"line":14,"column":52}},"3":{"start":{"line":15,"column":30},"end":{"line":15,"column":42}},"4":{"start":{"line":16,"column":32},"end":{"line":16,"column":44}},"5":{"start":{"line":17,"column":48},"end":{"line":17,"column":63}},"6":{"start":{"line":18,"column":58},"end":{"line":18,"column":73}},"7":{"start":{"line":19,"column":44},"end":{"line":19,"column":58}},"8":{"start":{"line":20,"column":38},"end":{"line":20,"column":50}},"9":{"start":{"line":22,"column":2},"end":{"line":26,"column":10}},"10":{"start":{"line":23,"column":4},"end":{"line":23,"column":18}},"11":{"start":{"line":24,"column":4},"end":{"line":24,"column":19}},"12":{"start":{"line":25,"column":4},"end":{"line":25,"column":22}},"13":{"start":{"line":28,"column":26},"end":{"line":38,"column":3}},"14":{"start":{"line":29,"column":28},"end":{"line":33,"column":15}},"15":{"start":{"line":35,"column":4},"end":{"line":37,"column":5}},"16":{"start":{"line":36,"column":6},"end":{"line":36,"column":38}},"17":{"start":{"line":40,"column":28},"end":{"line":49,"column":3}},"18":{"start":{"line":41,"column":4},"end":{"line":48,"column":5}},"19":{"start":{"line":42,"column":6},"end":{"line":45,"column":9}},"20":{"start":{"line":47,"column":6},"end":{"line":47,"column":53}},"21":{"start":{"line":51,"column":22},"end":{"line":79,"column":3}},"22":{"start":{"line":52,"column":28},"end":{"line":56,"column":48}},"23":{"start":{"line":58,"column":4},"end":{"line":78,"column":5}},"24":{"start":{"line":60,"column":18},"end":{"line":60,"column":28}},"25":{"start":{"line":61,"column":28},"end":{"line":61,"column":30}},"26":{"start":{"line":63,"column":6},"end":{"line":75,"column":7}},"27":{"start":{"line":64,"column":8},"end":{"line":74,"column":9}},"28":{"start":{"line":66,"column":10},"end":{"line":69,"column":32}},"29":{"start":{"line":71,"column":10},"end":{"line":71,"column":62}},"30":{"start":{"line":73,"column":10},"end":{"line":73,"column":36}},"31":{"start":{"line":77,"column":6},"end":{"line":77,"column":31}},"32":{"start":{"line":81,"column":23},"end":{"line":123,"column":3}},"33":{"start":{"line":83,"column":56},"end":{"line":86,"column":30}},"34":{"start":{"line":88,"column":4},"end":{"line":93,"column":5}},"35":{"start":{"line":89,"column":6},"end":{"line":89,"column":67}},"36":{"start":{"line":90,"column":6},"end":{"line":90,"column":59}},"37":{"start":{"line":91,"column":6},"end":{"line":91,"column":21}},"38":{"start":{"line":92,"column":6},"end":{"line":92,"column":13}},"39":{"start":{"line":95,"column":4},"end":{"line":98,"column":5}},"40":{"start":{"line":96,"column":6},"end":{"line":96,"column":21}},"41":{"start":{"line":97,"column":6},"end":{"line":97,"column":13}},"42":{"start":{"line":101,"column":20},"end":{"line":101,"column":52}},"43":{"start":{"line":101,"column":42},"end":{"line":101,"column":51}},"44":{"start":{"line":102,"column":47},"end":{"line":105,"column":24}},"45":{"start":{"line":107,"column":4},"end":{"line":112,"column":5}},"46":{"start":{"line":108,"column":6},"end":{"line":108,"column":64}},"47":{"start":{"line":109,"column":6},"end":{"line":109,"column":60}},"48":{"start":{"line":110,"column":6},"end":{"line":110,"column":21}},"49":{"start":{"line":111,"column":6},"end":{"line":111,"column":13}},"50":{"start":{"line":115,"column":31},"end":{"line":119,"column":7}},"51":{"start":{"line":115,"column":59},"end":{"line":119,"column":5}},"52":{"start":{"line":118,"column":29},"end":{"line":118,"column":52}},"53":{"start":{"line":121,"column":4},"end":{"line":121,"column":69}},"54":{"start":{"line":122,"column":4},"end":{"line":122,"column":35}},"55":{"start":{"line":125,"column":25},"end":{"line":127,"column":3}},"56":{"start":{"line":126,"column":4},"end":{"line":126,"column":55}},"57":{"start":{"line":129,"column":22},"end":{"line":148,"column":3}},"58":{"start":{"line":130,"column":4},"end":{"line":147,"column":23}},"59":{"start":{"line":133,"column":8},"end":{"line":137,"column":9}},"60":{"start":{"line":134,"column":10},"end":{"line":134,"column":91}},"61":{"start":{"line":136,"column":10},"end":{"line":136,"column":91}},"62":{"start":{"line":150,"column":23},"end":{"line":174,"column":3}},"63":{"start":{"line":152,"column":21},"end":{"line":152,"column":39}},"64":{"start":{"line":153,"column":18},"end":{"line":153,"column":39}},"65":{"start":{"line":154,"column":24},"end":{"line":154,"column":64}},"66":{"start":{"line":155,"column":21},"end":{"line":155,"column":58}},"67":{"start":{"line":156,"column":26},"end":{"line":156,"column":51}},"68":{"start":{"line":158,"column":4},"end":{"line":173,"column":6}},"69":{"start":{"line":176,"column":27},"end":{"line":178,"column":3}},"70":{"start":{"line":177,"column":4},"end":{"line":177,"column":28}},"71":{"start":{"line":180,"column":28},"end":{"line":182,"column":3}},"72":{"start":{"line":181,"column":4},"end":{"line":181,"column":27}},"73":{"start":{"line":184,"column":35},"end":{"line":186,"column":3}},"74":{"start":{"line":188,"column":27},"end":{"line":231,"column":3}},"75":{"start":{"line":190,"column":16},"end":{"line":190,"column":50}},"76":{"start":{"line":190,"column":33},"end":{"line":190,"column":49}},"77":{"start":{"line":193,"column":4},"end":{"line":203,"column":5}},"78":{"start":{"line":194,"column":30},"end":{"line":198,"column":17}},"79":{"start":{"line":200,"column":6},"end":{"line":202,"column":7}},"80":{"start":{"line":201,"column":8},"end":{"line":201,"column":21}},"81":{"start":{"line":205,"column":4},"end":{"line":230,"column":5}},"82":{"start":{"line":207,"column":6},"end":{"line":229,"column":7}},"83":{"start":{"line":208,"column":36},"end":{"line":212,"column":33}},"84":{"start":{"line":214,"column":37},"end":{"line":217,"column":34}},"85":{"start":{"line":219,"column":28},"end":{"line":219,"column":93}},"86":{"start":{"line":222,"column":8},"end":{"line":226,"column":9}},"87":{"start":{"line":223,"column":10},"end":{"line":223,"column":93}},"88":{"start":{"line":225,"column":10},"end":{"line":225,"column":93}},"89":{"start":{"line":228,"column":8},"end":{"line":228,"column":91}},"90":{"start":{"line":233,"column":2},"end":{"line":350,"column":4}},"91":{"start":{"line":238,"column":25},"end":{"line":238,"column":45}},"92":{"start":{"line":244,"column":25},"end":{"line":244,"column":47}},"93":{"start":{"line":250,"column":25},"end":{"line":250,"column":47}},"94":{"start":{"line":256,"column":25},"end":{"line":256,"column":48}},"95":{"start":{"line":273,"column":34},"end":{"line":273,"column":41}},"96":{"start":{"line":279,"column":27},"end":{"line":279,"column":74}},"97":{"start":{"line":289,"column":27},"end":{"line":289,"column":56}},"98":{"start":{"line":299,"column":34},"end":{"line":299,"column":46}},"99":{"start":{"line":305,"column":27},"end":{"line":305,"column":51}},"100":{"start":{"line":327,"column":45},"end":{"line":327,"column":70}},"101":{"start":{"line":337,"column":23},"end":{"line":337,"column":53}},"102":{"start":{"line":346,"column":23},"end":{"line":346,"column":45}},"103":{"start":{"line":353,"column":15},"end":{"line":466,"column":2}}},"fnMap":{"0":{"name":"SquadDetailScreen","decl":{"start":{"line":11,"column":24},"end":{"line":11,"column":41}},"loc":{"start":{"line":11,"column":65},"end":{"line":351,"column":1}},"line":11},"1":{"name":"(anonymous_1)","decl":{"start":{"line":22,"column":29},"end":{"line":22,"column":30}},"loc":{"start":{"line":22,"column":35},"end":{"line":26,"column":3}},"line":22},"2":{"name":"(anonymous_2)","decl":{"start":{"line":28,"column":26},"end":{"line":28,"column":27}},"loc":{"start":{"line":28,"column":38},"end":{"line":38,"column":3}},"line":28},"3":{"name":"(anonymous_3)","decl":{"start":{"line":40,"column":28},"end":{"line":40,"column":29}},"loc":{"start":{"line":40,"column":40},"end":{"line":49,"column":3}},"line":40},"4":{"name":"(anonymous_4)","decl":{"start":{"line":51,"column":22},"end":{"line":51,"column":23}},"loc":{"start":{"line":51,"column":34},"end":{"line":79,"column":3}},"line":51},"5":{"name":"(anonymous_5)","decl":{"start":{"line":81,"column":23},"end":{"line":81,"column":24}},"loc":{"start":{"line":81,"column":35},"end":{"line":123,"column":3}},"line":81},"6":{"name":"(anonymous_6)","decl":{"start":{"line":101,"column":37},"end":{"line":101,"column":38}},"loc":{"start":{"line":101,"column":42},"end":{"line":101,"column":51}},"line":101},"7":{"name":"(anonymous_7)","decl":{"start":{"line":115,"column":48},"end":{"line":115,"column":49}},"loc":{"start":{"line":115,"column":59},"end":{"line":119,"column":5}},"line":115},"8":{"name":"(anonymous_8)","decl":{"start":{"line":118,"column":24},"end":{"line":118,"column":25}},"loc":{"start":{"line":118,"column":29},"end":{"line":118,"column":52}},"line":118},"9":{"name":"(anonymous_9)","decl":{"start":{"line":125,"column":25},"end":{"line":125,"column":26}},"loc":{"start":{"line":125,"column":37},"end":{"line":127,"column":3}},"line":125},"10":{"name":"(anonymous_10)","decl":{"start":{"line":129,"column":22},"end":{"line":129,"column":23}},"loc":{"start":{"line":130,"column":4},"end":{"line":147,"column":23}},"line":130},"11":{"name":"(anonymous_11)","decl":{"start":{"line":132,"column":15},"end":{"line":132,"column":16}},"loc":{"start":{"line":132,"column":21},"end":{"line":138,"column":7}},"line":132},"12":{"name":"(anonymous_12)","decl":{"start":{"line":150,"column":23},"end":{"line":150,"column":24}},"loc":{"start":{"line":150,"column":37},"end":{"line":174,"column":3}},"line":150},"13":{"name":"(anonymous_13)","decl":{"start":{"line":176,"column":27},"end":{"line":176,"column":28}},"loc":{"start":{"line":176,"column":38},"end":{"line":178,"column":3}},"line":176},"14":{"name":"(anonymous_14)","decl":{"start":{"line":180,"column":28},"end":{"line":180,"column":29}},"loc":{"star
[...]
olumn":41},"end":{"line":186,"column":3}},"line":184},"16":{"name":"(anonymous_16)","decl":{"start":{"line":188,"column":27},"end":{"line":188,"column":28}},"loc":{"start":{"line":188,"column":46},"end":{"line":231,"column":3}},"line":188},"17":{"name":"(anonymous_17)","decl":{"start":{"line":190,"column":28},"end":{"line":190,"column":29}},"loc":{"start":{"line":190,"column":33},"end":{"line":190,"column":49}},"line":190},"18":{"name":"(anonymous_18)","decl":{"start":{"line":238,"column":19},"end":{"line":238,"column":20}},"loc":{"start":{"line":238,"column":25},"end":{"line":238,"column":45}},"line":238},"19":{"name":"(anonymous_19)","decl":{"start":{"line":244,"column":19},"end":{"line":244,"column":20}},"loc":{"start":{"line":244,"column":25},"end":{"line":244,"column":47}},"line":244},"20":{"name":"(anonymous_20)","decl":{"start":{"line":250,"column":19},"end":{"line":250,"column":20}},"loc":{"start":{"line":250,"column":25},"end":{"line":250,"column":47}},"line":250},"21":{"name":"(anonymous_21)","decl":{"start":{"line":256,"column":19},"end":{"line":256,"column":20}},"loc":{"start":{"line":256,"column":25},"end":{"line":256,"column":48}},"line":256},"22":{"name":"(anonymous_22)","decl":{"start":{"line":273,"column":26},"end":{"line":273,"column":27}},"loc":{"start":{"line":273,"column":34},"end":{"line":273,"column":41}},"line":273},"23":{"name":"(anonymous_23)","decl":{"start":{"line":279,"column":21},"end":{"line":279,"column":22}},"loc":{"start":{"line":279,"column":27},"end":{"line":279,"column":74}},"line":279},"24":{"name":"(anonymous_24)","decl":{"start":{"line":289,"column":21},"end":{"line":289,"column":22}},"loc":{"start":{"line":289,"column":27},"end":{"line":289,"column":56}},"line":289},"25":{"name":"(anonymous_25)","decl":{"start":{"line":299,"column":26},"end":{"line":299,"column":27}},"loc":{"start":{"line":299,"column":34},"end":{"line":299,"column":46}},"line":299},"26":{"name":"(anonymous_26)","decl":{"start":{"line":305,"column":21},"end":{"line":305,"column":22}},"loc":{"start":{"line":305,"column":27},"end":{"line":305,"column":51}},"line":305},"27":{"name":"(anonymous_27)","decl":{"start":{"line":327,"column":39},"end":{"line":327,"column":40}},"loc":{"start":{"line":327,"column":45},"end":{"line":327,"column":70}},"line":327},"28":{"name":"(anonymous_28)","decl":{"start":{"line":337,"column":17},"end":{"line":337,"column":18}},"loc":{"start":{"line":337,"column":23},"end":{"line":337,"column":53}},"line":337},"29":{"name":"(anonymous_29)","decl":{"start":{"line":346,"column":17},"end":{"line":346,"column":18}},"loc":{"start":{"line":346,"column":23},"end":{"line":346,"column":45}},"line":346}},"branchMap":{"0":{"loc":{"start":{"line":35,"column":4},"end":{"line":37,"column":5}},"type":"if","locations":[{"start":{"line":35,"column":4},"end":{"line":37,"column":5}},{"start":{},"end":{}}],"line":35},"1":{"loc":{"start":{"line":35,"column":8},"end":{"line":35,"column":22}},"type":"binary-expr","locations":[{"start":{"line":35,"column":8},"end":{"line":35,"column":14}},{"start":{"line":35,"column":18},"end":{"line":35,"column":22}}],"line":35},"2":{"loc":{"start":{"line":58,"column":4},"end":{"line":78,"column":5}},"type":"if","locations":[{"start":{"line":58,"column":4},"end":{"line":78,"column":5}},{"start":{},"end":{}}],"line":58},"3":{"loc":{"start":{"line":58,"column":8},"end":{"line":58,"column":22}},"type":"binary-expr","locations":[{"start":{"line":58,"column":8},"end":{"line":58,"column":14}},{"start":{"line":58,"column":18},"end":{"line":58,"column":22}}],"line":58},"4":{"loc":{"start":{"line":64,"column":8},"end":{"line":74,"column":9}},"type":"if","locations":[{"start":{"line":64,"column":8},"end":{"line":74,"column":9}},{"start":{"line":72,"column":15},"end":{"line":74,"column":9}}],"line":64},"5":{"loc":{"start":{"line":64,"column":12},"end":{"line":64,"column":79}},"type":"binary-expr","locations":[{"start":{"line":64,"column":12},"end":{"line":64,"column":37}},{"start":{"line":64,"column":41},"end":{"line":64,"column":79}}],"line":64},"6":{"loc":{"start":{"line":88,"column":4},"end":{"line":93,"column":5}},"type":"if","locations":[{"start":{"line":88,"column":4},"end":{"line":93,"column":5}},{"start":{},"end":{}}],"line":88},"7":{"loc":{"start":{"line":95,"column":4},"end":{"line":98,"column":5}},"type":"if","locations":[{"start":{"line":95,"column":4},"end":{"line":98,"column":5}},{"start":{},"end":{}}],"line":95},"8":{"loc":{"start":{"line":95,"column":8},"end":{"line":95,"column":50}},"type":"binary-expr","locations":[{"start":{"line":95,"column":8},"end":{"line":95,"column":21}},{"start":{"line":95,"column":25},"end":{"line":95,"column":50}}],"line":95},"9":{"loc":{"start":{"line":107,"column":4},"end":{"line":112,"column":5}},"type":"if","locations":[{"start":{"line":107,"column":4},"end":{"line":112,"column":5}},{"start":{},"end":{}}],"line":107},"10":{"loc":{"start":{"line":118,"column":13},"end":{"line":118,"column":61}},"type":"binary-expr","locations":[{"start":{"line":118,"column":13},"end":{"line":118,"column":53}},{"start":{"line":118,"column":57},"end":{"line":118,"column":61}}],"line":118},"11":{"loc":{"start":{"line":126,"column":11},"end":{"line":126,"column":54}},"type":"cond-expr","locations":[{"start":{"line":126,"column":33},"end":{"line":126,"column":42}},{"start":{"line":126,"column":45},"end":{"line":126,"column":54}}],"line":126},"12":{"loc":{"start":{"line":133,"column":8},"end":{"line":137,"column":9}},"type":"if","locations":[{"start":{"line":133,"column":8},"end":{"line":137,"column":9}},{"start":{"line":135,"column":15},"end":{"line":137,"column":9}}],"line":133},"13":{"loc":{"start":{"line":146,"column":7},"end":{"line":146,"column":82}},"type":"binary-expr","locations":[{"start":{"line":146,"column":7},"end":{"line":146,"column":23}},{"start":{"line":146,"column":27},"end":{"line":146,"column":82}}],"line":146},"14":{"loc":{"start":{"line":152,"column":21},"end":{"line":152,"column":39}},"type":"binary-expr","locations":[{"start":{"line":152,"column":21},"end":{"line":152,"column":31}},{"start":{"line":152,"column":35},"end":{"line":152,"column":39}}],"line":152},"15":{"loc":{"start":{"line":153,"column":18},"end":{"line":153,"column":39}},"type":"binary-expr","locations":[{"start":{"line":153,"column":18},"end":{"line":153,"column":33}},{"start":{"line":153,"column":37},"end":{"line":153,"column":39}}],"line":153},"16":{"loc":{"start":{"line":154,"column":24},"end":{"line":154,"column":64}},"type":"cond-expr","locations":[{"start":{"line":154,"column":32},"end":{"line":154,"column":51}},{"start":{"line":154,"column":54},"end":{"line":154,"column":64}}],"line":154},"17":{"loc":{"start":{"line":155,"column":21},"end":{"line":155,"column":58}},"type":"binary-expr","locations":[{"start":{"line":155,"column":21},"end":{"line":155,"column":40}},{"start":{"line":155,"column":44},"end":{"line":155,"column":58}}],"line":155},"18":{"loc":{"start":{"line":168,"column":13},"end":{"line":168,"column":70}},"type":"binary-expr","locations":[{"start":{"line":168,"column":13},"end":{"line":168,"column":26}},{"start":{"line":168,"column":30},"end":{"line":168,"column":70}}],"line":168},"19":{"loc":{"start":{"line":193,"column":4},"end":{"line":203,"column":5}},"type":"if","locations":[{"start":{"line":193,"column":4},"end":{"line":203,"column":5}},{"start":{},"end":{}}],"line":193},"20":{"loc":{"start":{"line":200,"column":6},"end":{"line":202,"column":7}},"type":"if","locations":[{"start":{"line":200,"column":6},"end":{"line":202,"column":7}},{"start":{},"end":{}}],"line":200},"21":{"loc":{"start":{"line":200,"column":10},"end":{"line":200,"column":24}},"type":"binary-expr","locations":[{"start":{"line":200,"column":10},"end":{"line":200,"column":16}},{"start":{"line":200,"column":20},"end":{"line":200,"column":24}}],"line":200},"22":{"loc":{"start":{"line":205,"column":4},"end":{"line":230,"column":5}},"type":"if","locations":[{"start":{"line":205,"column":4},"end":{"line":230,"column":5}},{"start":{},"end":{}}],"line":205},"23":{"loc":{"start":{"line":207,"column":6},"end":{"line":229,"column":7}},"type":"if","locations":[{"start":{"line":207,"column":6},"end":{"line":229,"column":7}},{"start":{"line":227,"column":13},"end":{"line":229,"column":7}}],"line":207},"24":{"loc":{"start":{"line":219,"column":28},"end":{"line":219,"column":93}},"type":"binary-expr","locations":[{"start":{"line":219,"column":28},"end":{"line":219,"column":49}},{"start":{"line":219,"column":53},"end":{"line":219,"column":93}}],"line":219},"25":{"loc":{"start":{"line":222,"column":8},"end":{"line":226,"column":9}},"type":"if","locations":[{"start":{"line":222,"column":8},"end":{"line":226,"column":9}},{"start":{"line":224,"column":15},"end":{"line":226,"column":9}}],"line":222},"26":{"loc":{"start":{"line":237,"column":30},"end":{"line":237,"column":70}},"type":"binary-expr","locations":[{"start":{"line":237,"column":30},"end":{"line":237,"column":50}},{"start":{"line":237,"column":54},"end":{"line":237,"column":70}}],"line":237},"27":{"loc":{"start":{"line":240,"column":40},"end":{"line":240,"column":84}},"type":"binary-expr","locations":[{"start":{"line":240,"column":40},"end":{"line":240,"column":60}},{"start":{"line":240,"column":64},"end":{"line":240,"column":84}}],"line":240},"28":{"loc":{"start":{"line":243,"column":30},"end":{"line":243,"column":72}},"type":"binary-expr","locations":[{"start":{"line":243,"column":30},"end":{"line":243,"column":52}},{"start":{"line":243,"column":56},"end":{"line":243,"column":72}}],"line":243},"29":{"loc":{"start":{"line":246,"column":40},"end":{"line":246,"column":86}},"type":"binary-expr","locations":[{"start":{"line":246,"column":40},"end":{"line":246,"column":62}},{"start":{"line":246,"column":66},"end":{"line":246,"column":86}}],"line":246},"30":{"loc":{"start":{"line":249,"column":30},"end":{"line":249,"column":72}},"type":"binary-expr","locations":[{"start":{"line":249,"column":30},"end":{"line":249,"column":52}},{"start":{"line":249,"column":56},"end":{"line":249,"column":72}}],"line":249},"31":{"loc":{"start":{"line":252,"column":40},"end":{"line":252,"column":86}},"type":"binary-expr","locations":[{"start":{"line":252,"column":40},"end":{"line":252,"column":62}},{"start":{"line":252,"column":66},"end":{"line":252,"column":86}}],"line":252},"32":{"loc":{"start":{"line":255,"column":30},"end":{"line":255,"column":73}},"type":"binary-expr","locations":[{"start":{"line":255,"column":30},"end":{"line":255,"column":53}},{"start":{"line":255,"column":57},"end":{"line":255,"column":73}}],"line":255},"33":{"loc":{"start":{"line":258,"column":40},"end":{"line":258,"column":87}},"type":"binary-expr","locations":[{"start":{"line":258,"column":40},"end":{"line":258,"column":63}},{"start":{"line":258,"column":67},"end":{"line":258,"column":87}}],"line":258},"34":{"loc":{"start":{"line":262,"column":7},"end":{"line":310,"column":7}},"type":"cond-expr","locations":[{"start":{"line":263,"column":8},"end":{"line":267,"column":10}},{"start":{"line":268,"column":10},"end":{"line":310,"column":7}}],"line":262},"35":{"loc":{"start":{"line":268,"column":10},"end":{"line":310,"column":7}},"type":"cond-expr","locations":[{"start":{"line":269,"column":8},"end":{"line":283,"column":11}},{"start":{"line":284,"column":10},"end":{"line":310,"column":7}}],"line":268},"36":{"loc":{"start":{"line":284,"column":10},"end":{"line":310,"column":7}},"type":"cond-expr","locations":[{"start":{"line":285,"column":8},"end":{"line":293,"column":11}},{"start":{"line":295,"column":8},"end":{"line":309,"column":11}}],"line":284}},"s":{"0":46,"1":46,"2":46,"3":46,"4":46,"5":46,"6":46,"7":46,"8":46,"9":46,"10":13,"11":13,"12":13,"13":46,"14":13,"15":13,"16":13,"17":46,"18":1,"19":1,"20":0,"21":46,"22":13,"23":13,"24":13,"25":13,"26":13,"27":4,"28":0,"29":0,"30":4,"31":13,"32":46,"33":13,"34":13,"35":0,"36":0,"37":0,"38":0,"39":13,"40":10,"41":10,"42":3,"43":4,"44":3,"45":3,"46":0,"47":0,"48":0,"49":0,"50":3,"51":4,"52":5,"53":3,"54":3,"55":46,"56":4,"57":46,"58":4,"59":2,"60":1,"61":1,"62":46,"63":4,"64":4,"65":4,"66":4,"67":4,"68":4,"69":46,"70":0,"71":46,"72":0,"73":46,"74":46,"75":0,"76":0,"77":0,"78":0,"79":0,"80":0,"81":0,"82":0,"83":0,"84":0,"85":0,"86":0,"87":0,"88":0,"89":0,"90":46,"91":0,"92":5,"93":0,"94":10,"95":7,"96":0,"97":0,"98":7,"99":4,"100":1,"101":0,"102":0,"103":1},"f":{"0":46,"1":13,"2":13,"3":1,"4":13,"5":13,"6":4,"7":4,"8":5,"9":4,"10":4,"11":2,"12":4,"13":0,"14":0,"15":0,"16":0,"17":0,"18":0,"19":5,"20":0,"21":10,"22":7,"23":0,"24":0,"25":7,"26":4,"27":1,"28":0,"29":0},"b":{"0":[13,0],"1":[13,13],"2":[13,0],"3":[13,13],"4":[0,4],"5":[4,2],"6":[0,13],"7":[10,3],"8":[13,13],"9":[0,3],"10":[4,0],"11":[2,2],"12":[1,1],"13":[4,1],"14":[4,0],"15":[4,1],"16":[3,1],"17":[4,0],"18":[4,0],"19":[0,0],"20":[0,0],"21":[0,0],"22":[0,0],"23":[0,0],"24":[0,0],"25":[0,0],"26":[46,14],"27":[46,14],"28":[46,8],"29":[46,8],"30":[46,0],"31":[46,0],"32":[46,24],"33":[46,24],"34":[14,32],"35":[8,24],"36":[0,24]},"_coverageSchema":"1a1c01bbd47fc00a2c39e90264f33305004495a9","hash":"65cbd3c7e21f14cd0cfd5b6ec67ca19d40e688fc"}
,"/Users/tarunrawat/squad-mvp/src/utils/photoUtils.js": {"path":"/Users/tarunrawat/squad-mvp/src/utils/photoUtils.js","statementMap":{"0":{"start":{"line":10,"column":2},"end":{"line":39,"column":3}},"1":{"start":{"line":11,"column":20},"end":{"line":11,"column":45}},"2":{"start":{"line":12,"column":20},"end":{"line":12,"column":78}},"3":{"start":{"line":13,"column":21},"end":{"line":13,"column":44}},"4":{"start":{"line":14,"column":21},"end":{"line":14,"column":44}},"5":{"start":{"line":17,"column":21},"end":{"line":17,"column":42}},"6":{"start":{"line":18,"column":17},"end":{"line":18,"column":38}},"7":{"start":{"line":20,"column":28},"end":{"line":26,"column":8}},"8":{"start":{"line":28,"column":4},"end":{"line":28,"column":27}},"9":{"start":{"line":28,"column":15},"end":{"line":28,"column":27}},"10":{"start":{"line":31,"column":36},"end":{"line":33,"column":29}},"11":{"start":{"line":35,"column":4},"end":{"line":35,"column":21}},"12":{"start":{"line":37,"column":4},"end":{"line":37,"column":51}},"13":{"start":{"line":38,"column":4},"end":{"line":38,"column":16}},"14":{"start":{"line":48,"column":2},"end":{"line":70,"column":3}},"15":{"start":{"line":50,"column":21},"end":{"line":50,"column":53}},"16":{"start":{"line":51,"column":4},"end":{"line":53,"column":5}},"17":{"start":{"line":52,"column":6},"end":{"line":52,"column":43}},"18":{"start":{"line":55,"column":21},"end":{"line":55,"column":32}},"19":{"start":{"line":58,"column":4},"end":{"line":60,"column":5}},"20":{"start":{"line":59,"column":6},"end":{"line":59,"column":59}},"21":{"start":{"line":62,"column":22},"end":{"line":64,"column":25}},"22":{"start":{"line":66,"column":4},"end":{"line":66,"column":27}},"23":{"start":{"line":66,"column":15},"end":{"line":66,"column":27}},"24":{"start":{"line":68,"column":4},"end":{"line":68,"column":50}},"25":{"start":{"line":69,"column":4},"end":{"line":69,"column":16}},"26":{"start":{"line":83,"column":26},"end":{"line":93,"column":13}},"27":{"start":{"line":95,"column":2},"end":{"line":95,"column":25}},"28":{"start":{"line":95,"column":13},"end":{"line":95,"column":25}},"29":{"start":{"line":96,"column":2},"end":{"line":96,"column":14}},"30":{"start":{"line":109,"column":2},"end":{"line":120,"column":3}},"31":{"start":{"line":111,"column":21},"end":{"line":111,"column":52}},"32":{"start":{"line":114,"column":18},"end":{"line":114,"column":86}},"33":{"start":{"line":116,"column":4},"end":{"line":116,"column":17}},"34":{"start":{"line":118,"column":4},"end":{"line":118,"column":60}},"35":{"start":{"line":119,"column":4},"end":{"line":119,"column":16}},"36":{"start":{"line":130,"column":2},"end":{"line":145,"column":3}},"37":{"start":{"line":132,"column":31},"end":{"line":136,"column":32}},"38":{"start":{"line":138,"column":4},"end":{"line":138,"column":31}},"39":{"start":{"line":138,"column":17},"end":{"line":138,"column":31}},"40":{"start":{"line":141,"column":4},"end":{"line":141,"column":40}},"41":{"start":{"line":143,"column":4},"end":{"line":143,"column":62}},"42":{"start":{"line":144,"column":4},"end":{"line":144,"column":16}}},"fnMap":{"0":{"name":"uploadPhoto","decl":{"start":{"line":9,"column":22},"end":{"line":9,"column":33}},"loc":{"start":{"line":9,"column":48},"end":{"line":40,"column":1}},"line":9},"1":{"name":"deletePhoto","decl":{"start":{"line":47,"column":22},"end":{"line":47,"column":33}},"loc":{"start":{"line":47,"column":52},"end":{"line":71,"column":1}},"line":47},"2":{"name":"createPhotoRecord","decl":{"start":{"line":82,"column":22},"end":{"line":82,"column":39}},"loc":{"start":{"line":82,"column":89},"end":{"line":97,"column":1}},"line":82},"3":{"name":"uploadPhotoComplete","decl":{"start":{"line":108,"column":22},"end":{"line":108,"column":41}},"loc":{"start":{"line":108,"column":97},"end":{"line":121,"column":1}},"line":108},"4":{"name":"deletePhotoComplete","decl":{"start":{"line":129,"column":22},"end":{"line":129,"column":41}},"loc":{"start":{"line":129,"column":69},"end":{"line":146,"column":1}},"line":129}},"branchMap":{"0":{"loc":{"start":{"line":23,"column":21},"end":{"line":23,"column":46}},"type":"binary-expr","locations":[{"start":{"line":23,"column":21},"end":{"line":23,"column":30}},{"start":{"line":23,"column":34},"end":{"line":23,"column":46}}],"line":23},"1":{"loc":{"start":{"line":28,"column":4},"end":{"line":28,"column":27}},"type":"if","locations":[{"start":{"line":28,"column":4},"end":{"line":28,"column":27}},{"start":{},"end":{}}],"line":28},"2":{"loc":{"start":{"line":51,"column":4},"end":{"line":53,"column":5}},"type":"if","locations":[{"start":{"line":51,"column":4},"end":{"line":53,"column":5}},{"start":{},"end":{}}],"line":51},"3":{"loc":{"start":{"line":58,"column":4},"end":{"line":60,"column":5}},"type":"if","locations":[{"start":{"line":58,"column":4},"end":{"line":60,"column":5}},{"start":{},"end":{}}],"line":58},"4":{"loc":{"start":{"line":66,"column":4},"end":{"line":66,"column":27}},"type":"if","locations":[{"start":{"line":66,"column":4},"end":{"line":66,"column":27}},{"start":{},"end":{}}],"line":66},"5":{"loc":{"start":{"line":88,"column":16},"end":{"line":88,"column":31}},"type":"binary-expr","locations":[{"start":{"line":88,"column":16},"end":{"line":88,"column":23}},{"start":{"line":88,"column":27},"end":{"line":88,"column":31}}],"line":88},"6":{"loc":{"start":{"line":89,"column":15},"end":{"line":89,"column":30}},"type":"binary-expr","locations":[{"start":{"line":89,"column":15},"end":{"line":89,"column":22}},{"start":{"line":89,"column":26},"end":{"line":89,"column":30}}],"line":89},"7":{"loc":{"start":{"line":95,"column":2},"end":{"line":95,"column":25}},"type":"if","locations":[{"start":{"line":95,"column":2},"end":{"line":95,"column":25}},{"start":{},"end":{}}],"line":95},"8":{"loc":{"start":{"line":108,"column":65},"end":{"line":108,"column":79}},"type":"default-arg","locations":[{"start":{"line":108,"column":75},"end":{"line":108,"column":79}}],"line":108},"9":{"loc":{"start":{"line":108,"column":81},"end":{"line":108,"column":95}},"type":"default-arg","locations":[{"start":{"line":108,"column":91},"end":{"line":108,"column":95}}],"line":108},"10":{"loc":{"start":{"line":138,"column":4},"end":{"line":138,"column":31}},"type":"if","locations":[{"start":{"line":138,"column":4},"end":{"line":138,"column":31}},{"start":{},"end":{}}],"line":138}},"s":{"0":3,"1":3,"2":3,"3":3,"4":3,"5":3,"6":3,"7":3,"8":3,"9":1,"10":2,"11":2,"12":1,"13":1,"14":4,"15":4,"16":4,"17":1,"18":3,"19":3,"20":1,"21":2,"22":2,"23":0,"24":2,"25":2,"26":3,"27":3,"28":0,"29":3,"30":1,"31":1,"32":1,"33":1,"34":0,"35":0,"36":1,"37":1,"38":1,"39":0,"40":1,"41":0,"42":0},"f":{"0":3,"1":4,"2":3,"3":1,"4":1},"b":{"0":[3,0],"1":[1,2],"2":[1,3],"3":[1,2],"4":[0,2],"5":[3,2],"6":[3,2],"7":[0,3],"8":[1],"9":[1],"10":[0,1]},"_coverageSchema":"1a1c01bbd47fc00a2c39e90264f33305004495a9","hash":"9ec825d90b526337c6d3af170e0a1153bb1515f0"}
}
