TN:
SF:src/components/feed/FeedItem.js
FN:9,FeedItem
FN:10,(anonymous_1)
FN:14,(anonymous_2)
FN:25,(anonymous_3)
FN:40,(anonymous_4)
FN:63,(anonymous_5)
FNF:6
FNH:4
FNDA:11,FeedItem
FNDA:11,(anonymous_1)
FNDA:1,(anonymous_2)
FNDA:0,(anonymous_3)
FNDA:1,(anonymous_4)
FNDA:0,(anonymous_5)
DA:10,11
DA:11,11
DA:13,4
DA:14,1
DA:24,2
DA:25,0
DA:39,3
DA:40,1
DA:62,2
DA:63,0
DA:87,0
DA:91,11
DA:103,3
LF:13
LH:10
BRDA:11,0,0,4
BRDA:11,0,1,2
BRDA:11,0,2,3
BRDA:11,0,3,2
BRDA:11,0,4,0
BRDA:29,1,0,2
BRDA:29,1,1,1
BRDA:44,2,0,3
BRDA:44,2,1,1
BRDA:48,3,0,3
BRDA:48,3,1,3
BRDA:55,4,0,3
BRDA:55,4,1,2
BRDA:67,5,0,2
BRDA:67,5,1,1
BRDA:71,6,0,2
BRDA:71,6,1,2
BRDA:76,7,0,2
BRDA:76,7,1,2
BRF:19
BRH:18
end_of_record
TN:
SF:src/components/feed/FeedTab.js
FN:18,FeedTab
FN:24,(anonymous_1)
FN:38,(anonymous_2)
FN:45,(anonymous_3)
FN:50,(anonymous_4)
FN:65,(anonymous_5)
FN:174,(anonymous_6)
FN:179,(anonymous_7)
FN:200,(anonymous_8)
FN:201,(anonymous_9)
FNF:10
FNH:8
FNDA:28,FeedTab
FNDA:19,(anonymous_1)
FNDA:0,(anonymous_2)
FNDA:19,(anonymous_3)
FNDA:19,(anonymous_4)
FNDA:1,(anonymous_5)
FNDA:0,(anonymous_6)
FNDA:8,(anonymous_7)
FNDA:2,(anonymous_8)
FNDA:1,(anonymous_9)
DA:19,28
DA:20,28
DA:21,28
DA:22,28
DA:24,28
DA:25,19
DA:28,19
DA:39,0
DA:40,0
DA:45,19
DA:46,19
DA:50,28
DA:51,19
DA:52,19
DA:55,19
DA:61,16
DA:64,15
DA:67,1
DA:73,1
DA:79,1
DA:82,1
DA:88,1
DA:89,0
DA:92,1
DA:95,1
DA:96,0
DA:103,0
DA:105,1
DA:108,0
DA:114,0
DA:117,0
DA:118,0
DA:124,0
DA:126,0
DA:129,0
DA:135,0
DA:138,0
DA:139,0
DA:145,0
DA:148,0
DA:149,0
DA:155,0
DA:158,0
DA:161,1
DA:165,15
DA:167,4
DA:169,19
DA:170,19
DA:174,28
DA:175,0
DA:176,0
DA:179,28
DA:180,8
DA:188,28
DA:189,19
DA:196,9
DA:200,2
DA:202,1
DA:222,2
LF:59
LH:37
BRDA:61,0,0,1
BRDA:61,0,1,15
BRDA:75,1,0,1
BRDA:75,1,1,0
BRDA:79,2,0,1
BRDA:79,2,1,1
BRDA:79,2,2,0
BRDA:79,2,3,0
BRDA:88,3,0,0
BRDA:88,3,1,1
BRDA:92,4,0,1
BRDA:92,4,1,0
BRDA:95,5,0,0
BRDA:95,5,1,1
BRDA:103,6,0,0
BRDA:103,6,1,0
BRDA:117,7,0,0
BRDA:117,7,1,0
BRDA:138,8,0,0
BRDA:138,8,1,0
BRDA:148,9,0,0
BRDA:148,9,1,0
BRDA:188,10,0,19
BRDA:188,10,1,9
BRDA:188,11,0,28
BRDA:188,11,1,19
BRF:26
BRH:12
end_of_record
TN:
SF:src/components/photos/PhotosTab.js
FN:23,PhotosTab
FN:29,(anonymous_1)
FN:43,(anonymous_2)
FN:55,(anonymous_3)
FN:61,(anonymous_4)
FN:66,(anonymous_5)
FN:85,(anonymous_6)
FN:92,(anonymous_7)
FN:92,(anonymous_8)
FN:103,(anonymous_9)
FN:105,(anonymous_10)
FN:106,(anonymous_11)
FN:118,(anonymous_12)
FN:123,(anonymous_13)
FN:126,(anonymous_14)
FN:143,(anonymous_15)
FN:165,(anonymous_16)
FNF:17
FNH:13
FNDA:15,PhotosTab
FNDA:8,(anonymous_1)
FNDA:0,(anonymous_2)
FNDA:0,(anonymous_3)
FNDA:8,(anonymous_4)
FNDA:8,(anonymous_5)
FNDA:5,(anonymous_6)
FNDA:5,(anonymous_7)
FNDA:2,(anonymous_8)
FNDA:5,(anonymous_9)
FNDA:6,(anonymous_10)
FNDA:2,(anonymous_11)
FNDA:0,(anonymous_12)
FNDA:5,(anonymous_13)
FNDA:0,(anonymous_14)
FNDA:3,(anonymous_15)
FNDA:10,(anonymous_16)
DA:16,1
DA:17,1
DA:18,1
DA:24,15
DA:25,15
DA:26,15
DA:27,15
DA:29,15
DA:30,8
DA:33,8
DA:44,0
DA:56,0
DA:61,8
DA:62,8
DA:66,15
DA:67,8
DA:68,8
DA:71,8
DA:77,8
DA:79,7
DA:80,3
DA:81,3
DA:85,5
DA:86,4
DA:92,5
DA:93,4
DA:94,4
DA:95,2
DA:99,2
DA:103,5
DA:105,6
DA:106,2
DA:109,4
DA:111,1
DA:113,8
DA:114,8
DA:118,15
DA:119,0
DA:120,0
DA:123,15
DA:124,5
DA:126,0
DA:143,15
DA:144,3
DA:153,15
DA:154,8
DA:161,7
DA:165,10
DA:182,1
LF:49
LH:44
BRDA:77,0,0,1
BRDA:77,0,1,7
BRDA:79,1,0,3
BRDA:79,1,1,4
BRDA:79,2,0,7
BRDA:79,2,1,7
BRDA:94,3,0,2
BRDA:94,3,1,2
BRDA:99,4,0,2
BRDA:99,4,1,0
BRDA:105,5,0,5
BRDA:105,5,1,0
BRDA:106,6,0,2
BRDA:106,6,1,3
BRDA:106,7,0,2
BRDA:106,7,1,0
BRDA:133,8,0,5
BRDA:133,8,1,5
BRDA:153,9,0,8
BRDA:153,9,1,7
BRDA:153,10,0,15
BRDA:153,10,1,8
BRF:22
BRH:19
end_of_record
TN:
SF:src/context/AuthContext.js
FN:6,AuthProvider
FN:11,(anonymous_1)
FN:12,(anonymous_2)
FN:18,(anonymous_3)
FN:23,(anonymous_4)
FN:26,(anonymous_5)
FN:56,(anonymous_6)
FN:78,(anonymous_7)
FN:90,(anonymous_8)
FNF:9
FNH:9
FNDA:23,AuthProvider
FNDA:11,(anonymous_1)
FNDA:11,(anonymous_2)
FNDA:1,(anonymous_3)
FNDA:11,(anonymous_4)
FNDA:3,(anonymous_5)
FNDA:3,(anonymous_6)
FNDA:2,(anonymous_7)
FNDA:23,(anonymous_8)
DA:4,1
DA:7,23
DA:8,23
DA:9,23
DA:11,23
DA:12,11
DA:13,11
DA:14,11
DA:15,11
DA:18,11
DA:19,1
DA:20,1
DA:23,11
DA:26,23
DA:27,3
DA:35,3
DA:38,2
DA:39,2
DA:47,2
DA:48,1
DA:53,2
DA:56,23
DA:57,3
DA:61,3
DA:64,2
DA:65,2
DA:66,2
DA:75,2
DA:78,23
DA:79,2
DA:80,2
DA:83,23
DA:90,23
LF:33
LH:33
BRDA:14,0,0,11
BRDA:14,0,1,10
BRDA:20,1,0,1
BRDA:20,1,1,0
BRDA:35,2,0,1
BRDA:35,2,1,2
BRDA:38,3,0,2
BRDA:38,3,1,0
BRDA:47,4,0,1
BRDA:47,4,1,1
BRDA:61,5,0,1
BRDA:61,5,1,2
BRDA:64,6,0,2
BRDA:64,6,1,0
BRDA:65,7,0,2
BRDA:65,7,1,1
BRDA:65,7,2,0
BRDA:80,8,0,1
BRDA:80,8,1,1
BRF:19
BRH:15
end_of_record
TN:
SF:src/lib/voteUtils.js
FN:6,calculateWinner
FN:9,(anonymous_1)
FN:20,hasUserVoted
FN:21,(anonymous_3)
FN:27,isVotingClosed
FN:35,calculatePercentages
FN:36,(anonymous_6)
FN:37,(anonymous_7)
FN:39,(anonymous_8)
FNF:9
FNH:9
FNDA:6,calculateWinner
FNDA:8,(anonymous_1)
FNDA:3,hasUserVoted
FNDA:4,(anonymous_3)
FNDA:3,isVotingClosed
FNDA:3,calculatePercentages
FNDA:5,(anonymous_6)
FNDA:2,(anonymous_7)
FNDA:3,(anonymous_8)
DA:7,6
DA:9,4
DA:10,8
DA:11,5
DA:13,3
DA:21,4
DA:28,3
DA:29,2
DA:36,5
DA:37,3
DA:39,3
LF:11
LH:11
BRDA:7,0,0,2
BRDA:7,0,1,4
BRDA:7,1,0,6
BRDA:7,1,1,5
BRDA:10,2,0,5
BRDA:10,2,1,3
BRDA:10,3,0,8
BRDA:10,3,1,4
BRDA:21,4,0,4
BRDA:21,4,1,2
BRDA:28,5,0,1
BRDA:28,5,1,2
BRDA:36,6,0,5
BRDA:36,6,1,2
BRDA:37,7,0,1
BRDA:37,7,1,2
BRDA:41,8,0,3
BRDA:41,8,1,0
BRF:18
BRH:17
end_of_record
TN:
SF:src/screens/events/CreateEventScreen.js
FN:5,CreateEventScreen
FN:12,(anonymous_1)
FN:20,(anonymous_2)
FN:25,(anonymous_3)
FN:28,(anonymous_4)
FN:34,(anonymous_5)
FN:40,(anonymous_6)
FN:67,(anonymous_7)
FN:108,(anonymous_8)
FN:114,(anonymous_9)
FN:119,(anonymous_10)
FNF:11
FNH:5
FNDA:7,CreateEventScreen
FNDA:1,(anonymous_1)
FNDA:0,(anonymous_2)
FNDA:0,(anonymous_3)
FNDA:1,(anonymous_4)
FNDA:0,(anonymous_5)
FNDA:0,(anonymous_6)
FNDA:0,(anonymous_7)
FNDA:15,(anonymous_8)
FNDA:1,(anonymous_9)
FNDA:0,(anonymous_10)
DA:6,7
DA:7,7
DA:8,7
DA:9,7
DA:10,7
DA:12,7
DA:13,1
DA:14,0
DA:15,0
DA:17,1
DA:20,7
DA:21,0
DA:22,0
DA:23,0
DA:25,0
DA:28,7
DA:29,1
DA:30,1
DA:31,1
DA:34,7
DA:35,0
DA:36,0
DA:37,0
DA:40,0
DA:41,0
DA:42,0
DA:43,0
DA:46,0
DA:47,0
DA:49,0
DA:50,0
DA:52,0
DA:64,0
DA:67,0
DA:73,0
DA:77,0
DA:79,0
DA:81,0
DA:83,0
DA:87,7
DA:109,15
DA:114,1
DA:119,0
DA:144,1
LF:44
LH:18
BRDA:13,0,0,0
BRDA:13,0,1,1
BRDA:21,1,0,0
BRDA:21,1,1,0
BRDA:35,2,0,0
BRDA:35,2,1,0
BRDA:41,3,0,0
BRDA:41,3,1,0
BRDA:57,4,0,0
BRDA:57,4,1,0
BRDA:64,5,0,0
BRDA:64,5,1,0
BRDA:77,6,0,0
BRDA:77,6,1,0
BRDA:116,7,0,15
BRDA:116,7,1,3
BRDA:127,8,0,7
BRDA:127,8,1,7
BRDA:134,9,0,7
BRDA:134,9,1,0
BRDA:138,10,0,0
BRDA:138,10,1,7
BRF:22
BRH:7
end_of_record
TN:
SF:src/screens/events/EventResultScreen.js
FN:6,EventResultScreen
FN:14,(anonymous_1)
FN:18,(anonymous_2)
FN:34,(anonymous_3)
FN:44,(anonymous_4)
FN:46,(anonymous_5)
FN:98,(anonymous_6)
FN:107,(anonymous_7)
FN:113,(anonymous_8)
FNF:9
FNH:9
FNDA:23,EventResultScreen
FNDA:11,(anonymous_1)
FNDA:11,(anonymous_2)
FNDA:7,(anonymous_3)
FNDA:16,(anonymous_4)
FNDA:16,(anonymous_5)
FNDA:26,(anonymous_6)
FNDA:1,(anonymous_7)
FNDA:1,(anonymous_8)
DA:7,23
DA:8,23
DA:9,23
DA:10,23
DA:11,23
DA:12,23
DA:14,23
DA:15,11
DA:18,23
DA:19,11
DA:25,10
DA:28,10
DA:33,10
DA:34,10
DA:35,7
DA:36,7
DA:38,10
DA:40,10
DA:43,23
DA:44,23
DA:46,23
DA:47,16
DA:48,16
DA:49,16
DA:51,16
DA:72,23
DA:73,11
DA:80,12
DA:98,26
DA:107,1
DA:113,1
DA:123,1
LF:32
LH:32
BRDA:25,0,0,10
BRDA:25,0,1,0
BRDA:25,1,0,10
BRDA:25,1,1,0
BRDA:34,2,0,10
BRDA:34,2,1,0
BRDA:35,3,0,4
BRDA:35,3,1,3
BRDA:36,4,0,7
BRDA:36,4,1,0
BRDA:44,5,0,16
BRDA:44,5,1,2
BRDA:47,6,0,14
BRDA:47,6,1,2
BRDA:49,7,0,16
BRDA:49,7,1,12
BRDA:52,8,0,16
BRDA:52,8,1,12
BRDA:54,9,0,16
BRDA:54,9,1,12
BRDA:55,10,0,12
BRDA:55,10,1,4
BRDA:60,11,0,16
BRDA:60,11,1,12
BRDA:63,12,0,16
BRDA:63,12,1,4
BRDA:72,13,0,11
BRDA:72,13,1,12
BRDA:84,14,0,12
BRDA:84,14,1,12
BRDA:89,15,0,10
BRDA:89,15,1,2
BRDA:106,16,0,12
BRDA:106,16,1,1
BRDA:109,17,0,12
BRDA:109,17,1,1
BRDA:112,18,0,12
BRDA:112,18,1,1
BRDA:115,19,0,12
BRDA:115,19,1,1
BRF:40
BRH:36
end_of_record
TN:
SF:src/screens/events/SwipeVotingScreen.js
FN:7,SwipeVotingScreen
FN:17,(anonymous_1)
FN:23,(anonymous_2)
FN:30,(anonymous_3)
FN:37,(anonymous_4)
FN:58,(anonymous_5)
FN:61,(anonymous_6)
FN:72,(anonymous_7)
FN:78,(anonymous_8)
FN:79,(anonymous_9)
FN:80,(anonymous_10)
FN:82,(anonymous_11)
FN:83,(anonymous_12)
FN:90,(anonymous_13)
FN:96,(anonymous_14)
FN:99,(anonymous_15)
FN:119,(anonymous_16)
FN:123,(anonymous_17)
FN:136,(anonymous_18)
FN:144,(anonymous_19)
FN:146,(anonymous_20)
FN:176,(anonymous_21)
FNF:22
FNH:11
FNDA:14,SwipeVotingScreen
FNDA:7,(anonymous_1)
FNDA:6,(anonymous_2)
FNDA:0,(anonymous_3)
FNDA:7,(anonymous_4)
FNDA:7,(anonymous_5)
FNDA:9,(anonymous_6)
FNDA:7,(anonymous_7)
FNDA:0,(anonymous_8)
FNDA:0,(anonymous_9)
FNDA:0,(anonymous_10)
FNDA:0,(anonymous_11)
FNDA:0,(anonymous_12)
FNDA:0,(anonymous_13)
FNDA:7,(anonymous_14)
FNDA:0,(anonymous_15)
FNDA:0,(anonymous_16)
FNDA:0,(anonymous_17)
FNDA:3,(anonymous_18)
FNDA:9,(anonymous_19)
FNDA:6,(anonymous_20)
FNDA:0,(anonymous_21)
DA:8,14
DA:9,14
DA:10,14
DA:11,14
DA:12,14
DA:13,14
DA:14,14
DA:15,14
DA:17,14
DA:18,7
DA:19,7
DA:20,7
DA:23,14
DA:24,6
DA:29,6
DA:30,6
DA:31,0
DA:32,0
DA:34,6
DA:37,14
DA:39,7
DA:44,7
DA:45,0
DA:46,0
DA:49,7
DA:52,7
DA:58,7
DA:61,9
DA:63,6
DA:64,3
DA:67,6
DA:68,6
DA:69,6
DA:72,14
DA:73,7
DA:79,0
DA:80,0
DA:82,0
DA:83,0
DA:91,0
DA:96,7
DA:99,14
DA:100,0
DA:101,0
DA:103,0
DA:110,0
DA:115,0
DA:119,14
DA:123,14
DA:124,0
DA:127,14
DA:128,8
DA:135,6
DA:136,3
DA:137,3
DA:144,9
DA:147,6
DA:148,6
DA:167,3
DA:177,0
DA:178,0
DA:227,1
LF:62
LH:45
BRDA:30,0,0,6
BRDA:30,0,1,6
BRDA:31,1,0,0
BRDA:31,1,1,0
BRDA:32,2,0,0
BRDA:32,2,1,0
BRDA:44,3,0,0
BRDA:44,3,1,7
BRDA:49,4,0,7
BRDA:49,4,1,1
BRDA:58,5,0,6
BRDA:58,5,1,0
BRDA:61,6,0,6
BRDA:61,6,1,0
BRDA:63,7,0,3
BRDA:63,7,1,3
BRDA:80,8,0,0
BRDA:80,8,1,0
BRDA:83,9,0,0
BRDA:83,9,1,0
BRDA:127,10,0,8
BRDA:127,10,1,6
BRDA:135,11,0,3
BRDA:135,11,1,3
BRDA:136,12,0,3
BRDA:136,12,1,0
BRDA:136,13,0,3
BRDA:136,13,1,0
BRDA:147,14,0,6
BRDA:147,14,1,6
BRDA:152,15,0,6
BRDA:152,15,1,0
BRDA:154,16,0,6
BRDA:154,16,1,0
BRDA:177,17,0,0
BRDA:177,17,1,0
BRDA:181,18,0,0
BRDA:181,18,1,0
BRDA:182,19,0,0
BRDA:182,19,1,0
BRF:40
BRH:19
end_of_record
TN:
SF:src/screens/squads/SquadDetailScreen.js
FN:11,SquadDetailScreen
FN:22,(anonymous_1)
FN:28,(anonymous_2)
FN:40,(anonymous_3)
FN:51,(anonymous_4)
FN:81,(anonymous_5)
FN:101,(anonymous_6)
FN:115,(anonymous_7)
FN:118,(anonymous_8)
FN:125,(anonymous_9)
FN:129,(anonymous_10)
FN:132,(anonymous_11)
FN:150,(anonymous_12)
FN:176,(anonymous_13)
FN:180,(anonymous_14)
FN:184,(anonymous_15)
FN:188,(anonymous_16)
FN:190,(anonymous_17)
FN:238,(anonymous_18)
FN:244,(anonymous_19)
FN:250,(anonymous_20)
FN:256,(anonymous_21)
FN:273,(anonymous_22)
FN:279,(anonymous_23)
FN:289,(anonymous_24)
FN:299,(anonymous_25)
FN:305,(anonymous_26)
FN:327,(anonymous_27)
FN:337,(anonymous_28)
FN:346,(anonymous_29)
FNF:30
FNH:19
FNDA:46,SquadDetailScreen
FNDA:13,(anonymous_1)
FNDA:13,(anonymous_2)
FNDA:1,(anonymous_3)
FNDA:13,(anonymous_4)
FNDA:13,(anonymous_5)
FNDA:4,(anonymous_6)
FNDA:4,(anonymous_7)
FNDA:5,(anonymous_8)
FNDA:4,(anonymous_9)
FNDA:4,(anonymous_10)
FNDA:2,(anonymous_11)
FNDA:4,(anonymous_12)
FNDA:0,(anonymous_13)
FNDA:0,(anonymous_14)
FNDA:0,(anonymous_15)
FNDA:0,(anonymous_16)
FNDA:0,(anonymous_17)
FNDA:0,(anonymous_18)
FNDA:5,(anonymous_19)
FNDA:0,(anonymous_20)
FNDA:10,(anonymous_21)
FNDA:7,(anonymous_22)
FNDA:0,(anonymous_23)
FNDA:0,(anonymous_24)
FNDA:7,(anonymous_25)
FNDA:4,(anonymous_26)
FNDA:1,(anonymous_27)
FNDA:0,(anonymous_28)
FNDA:0,(anonymous_29)
DA:12,46
DA:13,46
DA:14,46
DA:15,46
DA:16,46
DA:17,46
DA:18,46
DA:19,46
DA:20,46
DA:22,46
DA:23,13
DA:24,13
DA:25,13
DA:28,46
DA:29,13
DA:35,13
DA:36,13
DA:40,46
DA:41,1
DA:42,1
DA:47,0
DA:51,46
DA:52,13
DA:58,13
DA:60,13
DA:61,13
DA:63,13
DA:64,4
DA:66,0
DA:71,0
DA:73,4
DA:77,13
DA:81,46
DA:83,13
DA:88,13
DA:89,0
DA:90,0
DA:91,0
DA:92,0
DA:95,13
DA:96,10
DA:97,10
DA:101,4
DA:102,3
DA:107,3
DA:108,0
DA:109,0
DA:110,0
DA:111,0
DA:115,4
DA:118,5
DA:121,3
DA:122,3
DA:125,46
DA:126,4
DA:129,46
DA:130,4
DA:133,2
DA:134,1
DA:136,1
DA:150,46
DA:152,4
DA:153,4
DA:154,4
DA:155,4
DA:156,4
DA:158,4
DA:176,46
DA:177,0
DA:180,46
DA:181,0
DA:184,46
DA:188,46
DA:190,0
DA:193,0
DA:194,0
DA:200,0
DA:201,0
DA:205,0
DA:207,0
DA:208,0
DA:214,0
DA:219,0
DA:222,0
DA:223,0
DA:225,0
DA:228,0
DA:233,46
DA:238,0
DA:244,5
DA:250,0
DA:256,10
DA:273,7
DA:279,0
DA:289,0
DA:299,7
DA:305,4
DA:327,1
DA:337,0
DA:346,0
DA:353,1
LF:101
LH:68
BRDA:35,0,0,13
BRDA:35,0,1,0
BRDA:35,1,0,13
BRDA:35,1,1,13
BRDA:58,2,0,13
BRDA:58,2,1,0
BRDA:58,3,0,13
BRDA:58,3,1,13
BRDA:64,4,0,0
BRDA:64,4,1,4
BRDA:64,5,0,4
BRDA:64,5,1,2
BRDA:88,6,0,0
BRDA:88,6,1,13
BRDA:95,7,0,10
BRDA:95,7,1,3
BRDA:95,8,0,13
BRDA:95,8,1,13
BRDA:107,9,0,0
BRDA:107,9,1,3
BRDA:118,10,0,4
BRDA:118,10,1,0
BRDA:126,11,0,2
BRDA:126,11,1,2
BRDA:133,12,0,1
BRDA:133,12,1,1
BRDA:146,13,0,4
BRDA:146,13,1,1
BRDA:152,14,0,4
BRDA:152,14,1,0
BRDA:153,15,0,4
BRDA:153,15,1,1
BRDA:154,16,0,3
BRDA:154,16,1,1
BRDA:155,17,0,4
BRDA:155,17,1,0
BRDA:168,18,0,4
BRDA:168,18,1,0
BRDA:193,19,0,0
BRDA:193,19,1,0
BRDA:200,20,0,0
BRDA:200,20,1,0
BRDA:200,21,0,0
BRDA:200,21,1,0
BRDA:205,22,0,0
BRDA:205,22,1,0
BRDA:207,23,0,0
BRDA:207,23,1,0
BRDA:219,24,0,0
BRDA:219,24,1,0
BRDA:222,25,0,0
BRDA:222,25,1,0
BRDA:237,26,0,46
BRDA:237,26,1,14
BRDA:240,27,0,46
BRDA:240,27,1,14
BRDA:243,28,0,46
BRDA:243,28,1,8
BRDA:246,29,0,46
BRDA:246,29,1,8
BRDA:249,30,0,46
BRDA:249,30,1,0
BRDA:252,31,0,46
BRDA:252,31,1,0
BRDA:255,32,0,46
BRDA:255,32,1,24
BRDA:258,33,0,46
BRDA:258,33,1,24
BRDA:262,34,0,14
BRDA:262,34,1,32
BRDA:268,35,0,8
BRDA:268,35,1,24
BRDA:284,36,0,0
BRDA:284,36,1,24
BRF:74
BRH:48
end_of_record
TN:
SF:src/utils/photoUtils.js
FN:9,uploadPhoto
FN:47,deletePhoto
FN:82,createPhotoRecord
FN:108,uploadPhotoComplete
FN:129,deletePhotoComplete
FNF:5
FNH:5
FNDA:3,uploadPhoto
FNDA:4,deletePhoto
FNDA:3,createPhotoRecord
FNDA:1,uploadPhotoComplete
FNDA:1,deletePhotoComplete
DA:10,3
DA:11,3
DA:12,3
DA:13,3
DA:14,3
DA:17,3
DA:18,3
DA:20,3
DA:28,3
DA:31,2
DA:35,2
DA:37,1
DA:38,1
DA:48,4
DA:50,4
DA:51,4
DA:52,1
DA:55,3
DA:58,3
DA:59,1
DA:62,2
DA:66,2
DA:68,2
DA:69,2
DA:83,3
DA:95,3
DA:96,3
DA:109,1
DA:111,1
DA:114,1
DA:116,1
DA:118,0
DA:119,0
DA:130,1
DA:132,1
DA:138,1
DA:141,1
DA:143,0
DA:144,0
LF:39
LH:35
BRDA:23,0,0,3
BRDA:23,0,1,0
BRDA:28,1,0,1
BRDA:28,1,1,2
BRDA:51,2,0,1
BRDA:51,2,1,3
BRDA:58,3,0,1
BRDA:58,3,1,2
BRDA:66,4,0,0
BRDA:66,4,1,2
BRDA:88,5,0,3
BRDA:88,5,1,2
BRDA:89,6,0,3
BRDA:89,6,1,2
BRDA:95,7,0,0
BRDA:95,7,1,3
BRDA:108,8,0,1
BRDA:108,9,0,1
BRDA:138,10,0,0
BRDA:138,10,1,1
BRF:20
BRH:16
end_of_record
